2015-05-20 23:12:51: ----- ：任务 'f2u'：计算机 'KINGSTUDIO' 上的分析操作已由 User 所启动 (GoodSync v 9.6.2.5) -----
2015-05-20 23:12:51: F:\机务处工作\EmailClient (F:/机务处工作/EmailClient) =PropDels=> =大白菜U盘:\EmailClient (H:/EmailClient)
2015-05-20 23:12:51: 左侧：文件： 321 (已排除 4)。文件夹： 69 (已排除 1)。 F: NTFS, 可用空间：64.1 GB，总计空间：99.9 GB
2015-05-20 23:12:51: 右侧：文件： 306 (已排除 1)。文件夹： 68 (已排除 1)。 H: FAT32, 可用空间：453 MB，总计空间：1.31 GB
2015-05-20 23:12:51: 变更：95， 冲突：， 复制时间：， 复制状态：/， 错误： 
2015-05-20 23:12:51: Left to Right: Copy File: 95 
2015-05-20 23:12:51: ----- ：分析已结束。 历时 00:00:00， 速度： Many 个文件/秒 -----
2015-05-20 23:12:51: 
2015-05-20 23:12:56: ===== ：任务 'f2u'：同步已被 User 所启动，位于计算机 'KINGSTUDIO' =====
2015-05-20 23:12:56: F:\机务处工作\EmailClient (F:/机务处工作/EmailClient) =PropDels=> =大白菜U盘:\EmailClient (H:/EmailClient)
2015-05-20 23:12:56: 删除与本任务相重叠的另一任务的分析结果： u2F
2015-05-20 23:12:56: 创建文件夹 'H:/EmailClient/EmailClient/bin/Debug/export/2015年3月'
2015-05-20 23:12:56: 新建复制 'F:/机务处工作/EmailClient/Common/AsposePdfApp.cs' -> 'H:/EmailClient/Common/AsposePdfApp.cs'
2015-05-20 23:12:57: 覆盖复制 'F:/机务处工作/EmailClient/Common/AsposeWordApp.cs' -> 'H:/EmailClient/Common/AsposeWordApp.cs'
2015-05-20 23:12:58: 新建复制 'F:/机务处工作/EmailClient/Common/bin/Debug/Aspose.Pdf.dll' -> 'H:/EmailClient/Common/bin/Debug/Aspose.Pdf.dll'
2015-05-20 23:12:58: 新建复制 'F:/机务处工作/EmailClient/Common/bin/Debug/Aspose.Pdf.xml' -> 'H:/EmailClient/Common/bin/Debug/Aspose.Pdf.xml'
2015-05-20 23:12:59: 覆盖复制 'F:/机务处工作/EmailClient/Common/bin/Debug/Common.dll' -> 'H:/EmailClient/Common/bin/Debug/Common.dll'
2015-05-20 23:12:59: 覆盖复制 'F:/机务处工作/EmailClient/Common/bin/Debug/Common.pdb' -> 'H:/EmailClient/Common/bin/Debug/Common.pdb'
2015-05-20 23:12:59: 覆盖复制 'F:/机务处工作/EmailClient/Common/bin/Debug/Database.dll' -> 'H:/EmailClient/Common/bin/Debug/Database.dll'
2015-05-20 23:12:59: 覆盖复制 'F:/机务处工作/EmailClient/Common/bin/Debug/Database.pdb' -> 'H:/EmailClient/Common/bin/Debug/Database.pdb'
2015-05-20 23:12:59: 覆盖复制 'F:/机务处工作/EmailClient/Common/Common.csproj' -> 'H:/EmailClient/Common/Common.csproj'
2015-05-20 23:12:59: 覆盖复制 'F:/机务处工作/EmailClient/Common/obj/x86/Debug/Common.csproj.FileListAbsolute.txt' -> 'H:/EmailClient/Common/obj/x86/Debug/Common.csproj.FileListAbsolute.txt'
2015-05-20 23:12:59: 覆盖复制 'F:/机务处工作/EmailClient/Common/obj/x86/Debug/Common.csprojResolveAssemblyReference.cache' -> 'H:/EmailClient/Common/obj/x86/Debug/Common.csprojResolveAssemblyReference.cache'
2015-05-20 23:13:00: 覆盖复制 'F:/机务处工作/EmailClient/Common/obj/x86/Debug/Common.dll' -> 'H:/EmailClient/Common/obj/x86/Debug/Common.dll'
2015-05-20 23:13:00: 覆盖复制 'F:/机务处工作/EmailClient/Common/obj/x86/Debug/Common.pdb' -> 'H:/EmailClient/Common/obj/x86/Debug/Common.pdb'
2015-05-20 23:13:00: 覆盖复制 'F:/机务处工作/EmailClient/Common/obj/x86/Debug/Common.Properties.Resources.resources' -> 'H:/EmailClient/Common/obj/x86/Debug/Common.Properties.Resources.resources'
2015-05-20 23:13:00: 覆盖复制 'F:/机务处工作/EmailClient/Common/obj/x86/Debug/DesignTimeResolveAssemblyReferencesInput.cache' -> 'H:/EmailClient/Common/obj/x86/Debug/DesignTimeResolveAssemblyReferencesInput.cache'
2015-05-20 23:13:01: 覆盖复制 'F:/机务处工作/EmailClient/Database/bin/Debug/Database.dll' -> 'H:/EmailClient/Database/bin/Debug/Database.dll'
2015-05-20 23:13:01: 覆盖复制 'F:/机务处工作/EmailClient/Database/bin/Debug/Database.pdb' -> 'H:/EmailClient/Database/bin/Debug/Database.pdb'
2015-05-20 23:13:02: 覆盖复制 'F:/机务处工作/EmailClient/Database/obj/Debug/Database.dll' -> 'H:/EmailClient/Database/obj/Debug/Database.dll'
2015-05-20 23:13:02: 覆盖复制 'F:/机务处工作/EmailClient/Database/obj/Debug/Database.pdb' -> 'H:/EmailClient/Database/obj/Debug/Database.pdb'
2015-05-20 23:13:02: 覆盖复制 'F:/机务处工作/EmailClient/Database/obj/Debug/DesignTimeResolveAssemblyReferencesInput.cache' -> 'H:/EmailClient/Database/obj/Debug/DesignTimeResolveAssemblyReferencesInput.cache'
2015-05-20 23:13:04: 新建复制 'F:/机务处工作/EmailClient/EmailClient/bin/Debug/Aspose.Pdf.dll' -> 'H:/EmailClient/EmailClient/bin/Debug/Aspose.Pdf.dll'
2015-05-20 23:13:04: 新建复制 'F:/机务处工作/EmailClient/EmailClient/bin/Debug/Aspose.Pdf.xml' -> 'H:/EmailClient/EmailClient/bin/Debug/Aspose.Pdf.xml'
2015-05-20 23:13:04: 覆盖复制 'F:/机务处工作/EmailClient/EmailClient/bin/Debug/Common.dll' -> 'H:/EmailClient/EmailClient/bin/Debug/Common.dll'
2015-05-20 23:13:05: 覆盖复制 'F:/机务处工作/EmailClient/EmailClient/bin/Debug/Common.pdb' -> 'H:/EmailClient/EmailClient/bin/Debug/Common.pdb'
2015-05-20 23:13:06: 覆盖复制 'F:/机务处工作/EmailClient/EmailClient/bin/Debug/data.mdb' -> 'H:/EmailClient/EmailClient/bin/Debug/data.mdb'
2015-05-20 23:13:07: 覆盖复制 'F:/机务处工作/EmailClient/EmailClient/bin/Debug/Database.dll' -> 'H:/EmailClient/EmailClient/bin/Debug/Database.dll'
2015-05-20 23:13:07: 覆盖复制 'F:/机务处工作/EmailClient/EmailClient/bin/Debug/Database.pdb' -> 'H:/EmailClient/EmailClient/bin/Debug/Database.pdb'
2015-05-20 23:13:07: 覆盖复制 'F:/机务处工作/EmailClient/EmailClient/bin/Debug/EmailClient.exe' -> 'H:/EmailClient/EmailClient/bin/Debug/EmailClient.exe'
2015-05-20 23:13:07: 覆盖复制 'F:/机务处工作/EmailClient/EmailClient/bin/Debug/EmailClient.pdb' -> 'H:/EmailClient/EmailClient/bin/Debug/EmailClient.pdb'
2015-05-20 23:13:07: 覆盖复制 'F:/机务处工作/EmailClient/EmailClient/bin/Debug/EmailClient.vshost.exe' -> 'H:/EmailClient/EmailClient/bin/Debug/EmailClient.vshost.exe'
2015-05-20 23:13:07: 覆盖复制 'F:/机务处工作/EmailClient/EmailClient/bin/Debug/EmailClient.vshost.exe.manifest' -> 'H:/EmailClient/EmailClient/bin/Debug/EmailClient.vshost.exe.manifest'
2015-05-20 23:13:07: 新建复制 'F:/机务处工作/EmailClient/EmailClient/bin/Debug/export/2015年3月/2015年3月王裕林发文记录.doc' -> 'H:/EmailClient/EmailClient/bin/Debug/export/2015年3月/2015年3月王裕林发文记录.doc'
2015-05-20 23:13:07: 新建复制 'F:/机务处工作/EmailClient/EmailClient/bin/Debug/export/2015年3月/2015年3月王裕林发文记录.pdf' -> 'H:/EmailClient/EmailClient/bin/Debug/export/2015年3月/2015年3月王裕林发文记录.pdf'
2015-05-20 23:13:08: 新建复制 'F:/机务处工作/EmailClient/EmailClient/bin/Debug/export/2015年4月/2015年4月机务处技术科发文回执 - 修理厂技术科.pdf' -> 'H:/EmailClient/EmailClient/bin/Debug/export/2015年4月/2015年4月机务处技术科发文回执 - 修理厂技术科.pdf'
2015-05-20 23:13:08: 新建复制 'F:/机务处工作/EmailClient/EmailClient/bin/Debug/export/2015年4月/2015年4月机务处技术科发文回执 - 广汉技术科.pdf' -> 'H:/EmailClient/EmailClient/bin/Debug/export/2015年4月/2015年4月机务处技术科发文回执 - 广汉技术科.pdf'
2015-05-20 23:13:08: 新建复制 'F:/机务处工作/EmailClient/EmailClient/bin/Debug/export/2015年4月/2015年4月机务处技术科发文回执 - 新津技术科.pdf' -> 'H:/EmailClient/EmailClient/bin/Debug/export/2015年4月/2015年4月机务处技术科发文回执 - 新津技术科.pdf'
2015-05-20 23:13:08: 新建复制 'F:/机务处工作/EmailClient/EmailClient/bin/Debug/export/2015年4月/2015年4月机务处技术科发文回执 - 洛阳技术科.pdf' -> 'H:/EmailClient/EmailClient/bin/Debug/export/2015年4月/2015年4月机务处技术科发文回执 - 洛阳技术科.pdf'
2015-05-20 23:13:08: 新建复制 'F:/机务处工作/EmailClient/EmailClient/bin/Debug/export/2015年4月/2015年4月机务处技术科发文回执 - 绵阳技术科.pdf' -> 'H:/EmailClient/EmailClient/bin/Debug/export/2015年4月/2015年4月机务处技术科发文回执 - 绵阳技术科.pdf'
2015-05-20 23:13:09: 新建复制 'F:/机务处工作/EmailClient/EmailClient/bin/Debug/export/2015年4月/2015年4月机务处技术科发文回执 - 遂宁技术科.pdf' -> 'H:/EmailClient/EmailClient/bin/Debug/export/2015年4月/2015年4月机务处技术科发文回执 - 遂宁技术科.pdf'
2015-05-20 23:13:10: 覆盖复制 'F:/机务处工作/EmailClient/EmailClient/bin/Debug/Interop.jmail.dll' -> 'H:/EmailClient/EmailClient/bin/Debug/Interop.jmail.dll'
2015-05-20 23:13:10: 覆盖复制 'F:/机务处工作/EmailClient/EmailClient/bin/Debug/mail.html' -> 'H:/EmailClient/EmailClient/bin/Debug/mail.html'
2015-05-20 23:13:10: 覆盖复制 'F:/机务处工作/EmailClient/EmailClient/bin/Debug/MailRecord.exe' -> 'H:/EmailClient/EmailClient/bin/Debug/MailRecord.exe'
2015-05-20 23:13:11: 覆盖复制 'F:/机务处工作/EmailClient/EmailClient/bin/Debug/MailRecord.pdb' -> 'H:/EmailClient/EmailClient/bin/Debug/MailRecord.pdb'
2015-05-20 23:13:11: 覆盖复制 'F:/机务处工作/EmailClient/EmailClient/bin/Debug/MailsViewer.exe' -> 'H:/EmailClient/EmailClient/bin/Debug/MailsViewer.exe'
2015-05-20 23:13:11: 覆盖复制 'F:/机务处工作/EmailClient/EmailClient/bin/Debug/MailsViewer.pdb' -> 'H:/EmailClient/EmailClient/bin/Debug/MailsViewer.pdb'
2015-05-20 23:13:11: 覆盖复制 'F:/机务处工作/EmailClient/EmailClient/obj/x86/Debug/DesignTimeResolveAssemblyReferencesInput.cache' -> 'H:/EmailClient/EmailClient/obj/x86/Debug/DesignTimeResolveAssemblyReferencesInput.cache'
2015-05-20 23:13:11: 覆盖复制 'F:/机务处工作/EmailClient/EmailClient/obj/x86/Debug/EmailClient.AccountForm.resources' -> 'H:/EmailClient/EmailClient/obj/x86/Debug/EmailClient.AccountForm.resources'
2015-05-20 23:13:11: 覆盖复制 'F:/机务处工作/EmailClient/EmailClient/obj/x86/Debug/EmailClient.ContactForm.resources' -> 'H:/EmailClient/EmailClient/obj/x86/Debug/EmailClient.ContactForm.resources'
2015-05-20 23:13:11: 覆盖复制 'F:/机务处工作/EmailClient/EmailClient/obj/x86/Debug/EmailClient.csproj.FileListAbsolute.txt' -> 'H:/EmailClient/EmailClient/obj/x86/Debug/EmailClient.csproj.FileListAbsolute.txt'
2015-05-20 23:13:11: 覆盖复制 'F:/机务处工作/EmailClient/EmailClient/obj/x86/Debug/EmailClient.csproj.GenerateResource.Cache' -> 'H:/EmailClient/EmailClient/obj/x86/Debug/EmailClient.csproj.GenerateResource.Cache'
2015-05-20 23:13:11: 覆盖复制 'F:/机务处工作/EmailClient/EmailClient/obj/x86/Debug/EmailClient.csproj.ResolveComReference.cache' -> 'H:/EmailClient/EmailClient/obj/x86/Debug/EmailClient.csproj.ResolveComReference.cache'
2015-05-20 23:13:11: 覆盖复制 'F:/机务处工作/EmailClient/EmailClient/obj/x86/Debug/EmailClient.csprojResolveAssemblyReference.cache' -> 'H:/EmailClient/EmailClient/obj/x86/Debug/EmailClient.csprojResolveAssemblyReference.cache'
2015-05-20 23:13:11: 覆盖复制 'F:/机务处工作/EmailClient/EmailClient/obj/x86/Debug/EmailClient.exe' -> 'H:/EmailClient/EmailClient/obj/x86/Debug/EmailClient.exe'
2015-05-20 23:13:11: 覆盖复制 'F:/机务处工作/EmailClient/EmailClient/obj/x86/Debug/EmailClient.MainForm.resources' -> 'H:/EmailClient/EmailClient/obj/x86/Debug/EmailClient.MainForm.resources'
2015-05-20 23:13:11: 覆盖复制 'F:/机务处工作/EmailClient/EmailClient/obj/x86/Debug/EmailClient.pdb' -> 'H:/EmailClient/EmailClient/obj/x86/Debug/EmailClient.pdb'
2015-05-20 23:13:12: 覆盖复制 'F:/机务处工作/EmailClient/EmailClient/obj/x86/Debug/EmailClient.Properties.Resources.resources' -> 'H:/EmailClient/EmailClient/obj/x86/Debug/EmailClient.Properties.Resources.resources'
2015-05-20 23:13:12: 覆盖复制 'F:/机务处工作/EmailClient/EmailClient/obj/x86/Debug/Interop.ADODB.dll' -> 'H:/EmailClient/EmailClient/obj/x86/Debug/Interop.ADODB.dll'
2015-05-20 23:13:12: 覆盖复制 'F:/机务处工作/EmailClient/EmailClient/obj/x86/Debug/Interop.CDO.dll' -> 'H:/EmailClient/EmailClient/obj/x86/Debug/Interop.CDO.dll'
2015-05-20 23:13:12: 覆盖复制 'F:/机务处工作/EmailClient/EmailClient/obj/x86/Debug/Interop.jmail.dll' -> 'H:/EmailClient/EmailClient/obj/x86/Debug/Interop.jmail.dll'
2015-05-20 23:13:13: 新建复制 'F:/机务处工作/EmailClient/MailRecord/bin/Debug/Aspose.Pdf.dll' -> 'H:/EmailClient/MailRecord/bin/Debug/Aspose.Pdf.dll'
2015-05-20 23:13:13: 新建复制 'F:/机务处工作/EmailClient/MailRecord/bin/Debug/Aspose.Pdf.xml' -> 'H:/EmailClient/MailRecord/bin/Debug/Aspose.Pdf.xml'
2015-05-20 23:13:14: 覆盖复制 'F:/机务处工作/EmailClient/MailRecord/bin/Debug/Common.dll' -> 'H:/EmailClient/MailRecord/bin/Debug/Common.dll'
2015-05-20 23:13:14: 覆盖复制 'F:/机务处工作/EmailClient/MailRecord/bin/Debug/Common.pdb' -> 'H:/EmailClient/MailRecord/bin/Debug/Common.pdb'
2015-05-20 23:13:14: 覆盖复制 'F:/机务处工作/EmailClient/MailRecord/bin/Debug/Database.dll' -> 'H:/EmailClient/MailRecord/bin/Debug/Database.dll'
2015-05-20 23:13:14: 覆盖复制 'F:/机务处工作/EmailClient/MailRecord/bin/Debug/Database.pdb' -> 'H:/EmailClient/MailRecord/bin/Debug/Database.pdb'
2015-05-20 23:13:14: 覆盖复制 'F:/机务处工作/EmailClient/MailRecord/bin/Debug/MailRecord.exe' -> 'H:/EmailClient/MailRecord/bin/Debug/MailRecord.exe'
2015-05-20 23:13:15: 覆盖复制 'F:/机务处工作/EmailClient/MailRecord/bin/Debug/MailRecord.pdb' -> 'H:/EmailClient/MailRecord/bin/Debug/MailRecord.pdb'
2015-05-20 23:13:15: 覆盖复制 'F:/机务处工作/EmailClient/MailRecord/bin/Debug/MailsViewer.exe' -> 'H:/EmailClient/MailRecord/bin/Debug/MailsViewer.exe'
2015-05-20 23:13:15: 覆盖复制 'F:/机务处工作/EmailClient/MailRecord/bin/Debug/MailsViewer.pdb' -> 'H:/EmailClient/MailRecord/bin/Debug/MailsViewer.pdb'
2015-05-20 23:13:15: 覆盖复制 'F:/机务处工作/EmailClient/MailRecord/obj/x86/Debug/DesignTimeResolveAssemblyReferencesInput.cache' -> 'H:/EmailClient/MailRecord/obj/x86/Debug/DesignTimeResolveAssemblyReferencesInput.cache'
2015-05-20 23:13:15: 覆盖复制 'F:/机务处工作/EmailClient/MailRecord/obj/x86/Debug/MailRecord.csproj.FileListAbsolute.txt' -> 'H:/EmailClient/MailRecord/obj/x86/Debug/MailRecord.csproj.FileListAbsolute.txt'
2015-05-20 23:13:16: 覆盖复制 'F:/机务处工作/EmailClient/MailRecord/obj/x86/Debug/MailRecord.csproj.GenerateResource.Cache' -> 'H:/EmailClient/MailRecord/obj/x86/Debug/MailRecord.csproj.GenerateResource.Cache'
2015-05-20 23:13:16: 覆盖复制 'F:/机务处工作/EmailClient/MailRecord/obj/x86/Debug/MailRecord.csprojResolveAssemblyReference.cache' -> 'H:/EmailClient/MailRecord/obj/x86/Debug/MailRecord.csprojResolveAssemblyReference.cache'
2015-05-20 23:13:16: 覆盖复制 'F:/机务处工作/EmailClient/MailRecord/obj/x86/Debug/MailRecord.exe' -> 'H:/EmailClient/MailRecord/obj/x86/Debug/MailRecord.exe'
2015-05-20 23:13:16: 覆盖复制 'F:/机务处工作/EmailClient/MailRecord/obj/x86/Debug/MailRecord.pdb' -> 'H:/EmailClient/MailRecord/obj/x86/Debug/MailRecord.pdb'
2015-05-20 23:13:16: 覆盖复制 'F:/机务处工作/EmailClient/MailRecord/obj/x86/Debug/MailRecord.Properties.Resources.resources' -> 'H:/EmailClient/MailRecord/obj/x86/Debug/MailRecord.Properties.Resources.resources'
2015-05-20 23:13:16: 覆盖复制 'F:/机务处工作/EmailClient/MailRecord/obj/x86/Debug/MailRecord.RecordEdit.resources' -> 'H:/EmailClient/MailRecord/obj/x86/Debug/MailRecord.RecordEdit.resources'
2015-05-20 23:13:16: 覆盖复制 'F:/机务处工作/EmailClient/MailRecord/obj/x86/Debug/MailRecord.RecordForm.resources' -> 'H:/EmailClient/MailRecord/obj/x86/Debug/MailRecord.RecordForm.resources'
2015-05-20 23:13:16: 覆盖复制 'F:/机务处工作/EmailClient/MailRecord/RecordEdit.cs' -> 'H:/EmailClient/MailRecord/RecordEdit.cs'
2015-05-20 23:13:16: 覆盖复制 'F:/机务处工作/EmailClient/MailRecord/RecordEdit.Designer.cs' -> 'H:/EmailClient/MailRecord/RecordEdit.Designer.cs'
2015-05-20 23:13:16: 覆盖复制 'F:/机务处工作/EmailClient/MailRecord/RecordEdit.resx' -> 'H:/EmailClient/MailRecord/RecordEdit.resx'
2015-05-20 23:13:16: 覆盖复制 'F:/机务处工作/EmailClient/MailRecord/RecordForm.cs' -> 'H:/EmailClient/MailRecord/RecordForm.cs'
2015-05-20 23:13:16: 覆盖复制 'F:/机务处工作/EmailClient/MailRecord/RecordForm.Designer.cs' -> 'H:/EmailClient/MailRecord/RecordForm.Designer.cs'
2015-05-20 23:13:16: 覆盖复制 'F:/机务处工作/EmailClient/MailRecord/RecordForm.resx' -> 'H:/EmailClient/MailRecord/RecordForm.resx'
2015-05-20 23:13:17: 覆盖复制 'F:/机务处工作/EmailClient/MailViewer/bin/Debug/Database.dll' -> 'H:/EmailClient/MailViewer/bin/Debug/Database.dll'
2015-05-20 23:13:17: 覆盖复制 'F:/机务处工作/EmailClient/MailViewer/bin/Debug/Database.pdb' -> 'H:/EmailClient/MailViewer/bin/Debug/Database.pdb'
2015-05-20 23:13:17: 覆盖复制 'F:/机务处工作/EmailClient/MailViewer/bin/Debug/MailsViewer.exe' -> 'H:/EmailClient/MailViewer/bin/Debug/MailsViewer.exe'
2015-05-20 23:13:18: 覆盖复制 'F:/机务处工作/EmailClient/MailViewer/bin/Debug/MailsViewer.pdb' -> 'H:/EmailClient/MailViewer/bin/Debug/MailsViewer.pdb'
2015-05-20 23:13:18: 覆盖复制 'F:/机务处工作/EmailClient/MailViewer/obj/x86/Debug/DesignTimeResolveAssemblyReferencesInput.cache' -> 'H:/EmailClient/MailViewer/obj/x86/Debug/DesignTimeResolveAssemblyReferencesInput.cache'
2015-05-20 23:13:18: 覆盖复制 'F:/机务处工作/EmailClient/MailViewer/obj/x86/Debug/MailsViewer.csprojResolveAssemblyReference.cache' -> 'H:/EmailClient/MailViewer/obj/x86/Debug/MailsViewer.csprojResolveAssemblyReference.cache'
2015-05-20 23:13:19: 覆盖复制 'F:/机务处工作/EmailClient/MailViewer/obj/x86/Debug/MailsViewer.exe' -> 'H:/EmailClient/MailViewer/obj/x86/Debug/MailsViewer.exe'
2015-05-20 23:13:19: 覆盖复制 'F:/机务处工作/EmailClient/MailViewer/obj/x86/Debug/MailsViewer.MailViewer.resources' -> 'H:/EmailClient/MailViewer/obj/x86/Debug/MailsViewer.MailViewer.resources'
2015-05-20 23:13:19: 覆盖复制 'F:/机务处工作/EmailClient/MailViewer/obj/x86/Debug/MailsViewer.pdb' -> 'H:/EmailClient/MailViewer/obj/x86/Debug/MailsViewer.pdb'
2015-05-20 23:13:19: 覆盖复制 'F:/机务处工作/EmailClient/MailViewer/obj/x86/Debug/MailsViewer.Properties.Resources.resources' -> 'H:/EmailClient/MailViewer/obj/x86/Debug/MailsViewer.Properties.Resources.resources'
2015-05-20 23:13:20: 项目同步未必： 95，错误： 
2015-05-20 23:13:20: ===== ：同步完毕。时间：00:00:24，速度： 0.99 MB/s (714 KB/s) =====
2015-05-20 23:13:20: 
