2015-05-20 00:07:14: ----- ：任务 'EmailClient'：计算机 'KINGSTUDIO' 上的分析操作已由 User 所启动 (GoodSync v 9.6.2.5) -----
2015-05-20 00:07:14: F:\机务处工作\EmailClient (F:/机务处工作/EmailClient) =PropDels=> =大白菜U盘:\EmailClient (H:/EmailClient)
2015-05-20 00:07:14: 左侧：文件： 301 (已排除 4)。文件夹： 67 (已排除 1)。 F: NTFS, 可用空间：64.1 GB，总计空间：99.9 GB
2015-05-20 00:07:14: 右侧：文件： 290 (已排除 1)。文件夹： 66 (已排除 1)。 H: FAT32, 可用空间：464 MB，总计空间：1.31 GB
2015-05-20 00:07:14: /MailRecord/obj/x86/Debug/DesignTimeResolveAssemblyReferences.cache: 警告：旧文件将替换新文件
2015-05-20 00:07:14: 变更：128， 冲突：， 复制时间：， 复制状态：/3， 错误： 
2015-05-20 00:07:14: Left to Right: Copy File: 126 Delete File: 2 
2015-05-20 00:07:14: ----- ：分析已结束。 历时 00:00:00， 速度： Many 个文件/秒 -----
2015-05-20 00:07:14: 
2015-05-20 00:07:20: ===== ：任务 'EmailClient'：同步已被 User 所启动，位于计算机 'KINGSTUDIO' =====
2015-05-20 00:07:20: F:\机务处工作\EmailClient (F:/机务处工作/EmailClient) =PropDels=> =大白菜U盘:\EmailClient (H:/EmailClient)
2015-05-20 00:07:21: 删除文件 'H:/EmailClient/DBHelp/obj/Debug/DBHelp.csprojResolveAssemblyReference.cache'
2015-05-20 00:07:21: 删除文件 'H:/EmailClient/EmailClient/bin/Debug/word.doc'
2015-05-20 00:07:21: 创建文件夹 'H:/EmailClient/EmailClient/bin/Debug/export'
2015-05-20 00:07:21: 覆盖复制 'F:/机务处工作/EmailClient/AutoUpdate/obj/Debug/AutoUpdate.csproj.FileListAbsolute.txt' -> 'H:/EmailClient/AutoUpdate/obj/Debug/AutoUpdate.csproj.FileListAbsolute.txt'
2015-05-20 00:07:21: 覆盖复制 'F:/机务处工作/EmailClient/AutoUpdate/obj/Debug/AutoUpdate.csprojResolveAssemblyReference.cache' -> 'H:/EmailClient/AutoUpdate/obj/Debug/AutoUpdate.csprojResolveAssemblyReference.cache'
2015-05-20 00:07:21: 覆盖复制 'F:/机务处工作/EmailClient/AutoUpdate/obj/Debug/DesignTimeResolveAssemblyReferencesInput.cache' -> 'H:/EmailClient/AutoUpdate/obj/Debug/DesignTimeResolveAssemblyReferencesInput.cache'
2015-05-20 00:07:22: 覆盖复制 'F:/机务处工作/EmailClient/Common/AutoTidy.cs' -> 'H:/EmailClient/Common/AutoTidy.cs'
2015-05-20 00:07:22: 覆盖复制 'F:/机务处工作/EmailClient/Common/bin/Debug/Common.dll' -> 'H:/EmailClient/Common/bin/Debug/Common.dll'
2015-05-20 00:07:22: 覆盖复制 'F:/机务处工作/EmailClient/Common/bin/Debug/Common.pdb' -> 'H:/EmailClient/Common/bin/Debug/Common.pdb'
2015-05-20 00:07:22: 覆盖复制 'F:/机务处工作/EmailClient/Common/bin/Debug/Database.dll' -> 'H:/EmailClient/Common/bin/Debug/Database.dll'
2015-05-20 00:07:22: 覆盖复制 'F:/机务处工作/EmailClient/Common/bin/Debug/Database.pdb' -> 'H:/EmailClient/Common/bin/Debug/Database.pdb'
2015-05-20 00:07:22: 覆盖复制 'F:/机务处工作/EmailClient/Common/bin/Debug/DBHelp.dll' -> 'H:/EmailClient/Common/bin/Debug/DBHelp.dll'
2015-05-20 00:07:22: 覆盖复制 'F:/机务处工作/EmailClient/Common/bin/Debug/DBHelp.pdb' -> 'H:/EmailClient/Common/bin/Debug/DBHelp.pdb'
2015-05-20 00:07:22: 覆盖复制 'F:/机务处工作/EmailClient/Common/obj/x86/Debug/Common.csproj.FileListAbsolute.txt' -> 'H:/EmailClient/Common/obj/x86/Debug/Common.csproj.FileListAbsolute.txt'
2015-05-20 00:07:22: 覆盖复制 'F:/机务处工作/EmailClient/Common/obj/x86/Debug/Common.csproj.GenerateResource.Cache' -> 'H:/EmailClient/Common/obj/x86/Debug/Common.csproj.GenerateResource.Cache'
2015-05-20 00:07:22: 覆盖复制 'F:/机务处工作/EmailClient/Common/obj/x86/Debug/Common.csprojResolveAssemblyReference.cache' -> 'H:/EmailClient/Common/obj/x86/Debug/Common.csprojResolveAssemblyReference.cache'
2015-05-20 00:07:22: 覆盖复制 'F:/机务处工作/EmailClient/Common/obj/x86/Debug/Common.dll' -> 'H:/EmailClient/Common/obj/x86/Debug/Common.dll'
2015-05-20 00:07:22: 覆盖复制 'F:/机务处工作/EmailClient/Common/obj/x86/Debug/Common.pdb' -> 'H:/EmailClient/Common/obj/x86/Debug/Common.pdb'
2015-05-20 00:07:22: 覆盖复制 'F:/机务处工作/EmailClient/Common/obj/x86/Debug/Common.Properties.Resources.resources' -> 'H:/EmailClient/Common/obj/x86/Debug/Common.Properties.Resources.resources'
2015-05-20 00:07:23: 覆盖复制 'F:/机务处工作/EmailClient/Common/obj/x86/Debug/DesignTimeResolveAssemblyReferencesInput.cache' -> 'H:/EmailClient/Common/obj/x86/Debug/DesignTimeResolveAssemblyReferencesInput.cache'
2015-05-20 00:07:24: 覆盖复制 'F:/机务处工作/EmailClient/Database/bin/Debug/Database.dll' -> 'H:/EmailClient/Database/bin/Debug/Database.dll'
2015-05-20 00:07:24: 覆盖复制 'F:/机务处工作/EmailClient/Database/bin/Debug/Database.pdb' -> 'H:/EmailClient/Database/bin/Debug/Database.pdb'
2015-05-20 00:07:24: 覆盖复制 'F:/机务处工作/EmailClient/Database/bin/Debug/DBHelp.dll' -> 'H:/EmailClient/Database/bin/Debug/DBHelp.dll'
2015-05-20 00:07:25: 覆盖复制 'F:/机务处工作/EmailClient/Database/bin/Debug/DBHelp.pdb' -> 'H:/EmailClient/Database/bin/Debug/DBHelp.pdb'
2015-05-20 00:07:25: 覆盖复制 'F:/机务处工作/EmailClient/Database/Common.cs' -> 'H:/EmailClient/Database/Common.cs'
2015-05-20 00:07:25: 覆盖复制 'F:/机务处工作/EmailClient/Database/Links.cs' -> 'H:/EmailClient/Database/Links.cs'
2015-05-20 00:07:25: 覆盖复制 'F:/机务处工作/EmailClient/Database/Mails.cs' -> 'H:/EmailClient/Database/Mails.cs'
2015-05-20 00:07:25: 覆盖复制 'F:/机务处工作/EmailClient/Database/obj/Debug/Database.dll' -> 'H:/EmailClient/Database/obj/Debug/Database.dll'
2015-05-20 00:07:25: 覆盖复制 'F:/机务处工作/EmailClient/Database/obj/Debug/Database.pdb' -> 'H:/EmailClient/Database/obj/Debug/Database.pdb'
2015-05-20 00:07:25: 覆盖复制 'F:/机务处工作/EmailClient/Database/obj/Debug/DBClass.csproj.FileListAbsolute.txt' -> 'H:/EmailClient/Database/obj/Debug/DBClass.csproj.FileListAbsolute.txt'
2015-05-20 00:07:25: 覆盖复制 'F:/机务处工作/EmailClient/Database/obj/Debug/DBClass.csprojResolveAssemblyReference.cache' -> 'H:/EmailClient/Database/obj/Debug/DBClass.csprojResolveAssemblyReference.cache'
2015-05-20 00:07:25: 覆盖复制 'F:/机务处工作/EmailClient/Database/obj/Debug/DesignTimeResolveAssemblyReferencesInput.cache' -> 'H:/EmailClient/Database/obj/Debug/DesignTimeResolveAssemblyReferencesInput.cache'
2015-05-20 00:07:25: 覆盖复制 'F:/机务处工作/EmailClient/Database/Record.cs' -> 'H:/EmailClient/Database/Record.cs'
2015-05-20 00:07:26: 覆盖复制 'F:/机务处工作/EmailClient/DBHelp/bin/Debug/DBHelp.dll' -> 'H:/EmailClient/DBHelp/bin/Debug/DBHelp.dll'
2015-05-20 00:07:26: 覆盖复制 'F:/机务处工作/EmailClient/DBHelp/bin/Debug/DBHelp.pdb' -> 'H:/EmailClient/DBHelp/bin/Debug/DBHelp.pdb'
2015-05-20 00:07:26: 覆盖复制 'F:/机务处工作/EmailClient/DBHelp/obj/Debug/DBHelp.csproj.FileListAbsolute.txt' -> 'H:/EmailClient/DBHelp/obj/Debug/DBHelp.csproj.FileListAbsolute.txt'
2015-05-20 00:07:27: 覆盖复制 'F:/机务处工作/EmailClient/DBHelp/obj/Debug/DBHelp.dll' -> 'H:/EmailClient/DBHelp/obj/Debug/DBHelp.dll'
2015-05-20 00:07:27: 覆盖复制 'F:/机务处工作/EmailClient/DBHelp/obj/Debug/DBHelp.pdb' -> 'H:/EmailClient/DBHelp/obj/Debug/DBHelp.pdb'
2015-05-20 00:07:27: 覆盖复制 'F:/机务处工作/EmailClient/DBHelp/obj/Debug/DesignTimeResolveAssemblyReferencesInput.cache' -> 'H:/EmailClient/DBHelp/obj/Debug/DesignTimeResolveAssemblyReferencesInput.cache'
2015-05-20 00:07:27: 覆盖复制 'F:/机务处工作/EmailClient/EmailClient/bin/Debug/Common.dll' -> 'H:/EmailClient/EmailClient/bin/Debug/Common.dll'
2015-05-20 00:07:28: 覆盖复制 'F:/机务处工作/EmailClient/EmailClient/bin/Debug/Common.pdb' -> 'H:/EmailClient/EmailClient/bin/Debug/Common.pdb'
2015-05-20 00:07:28: 覆盖复制 'F:/机务处工作/EmailClient/EmailClient/bin/Debug/config.ini' -> 'H:/EmailClient/EmailClient/bin/Debug/config.ini'
2015-05-20 00:07:30: 覆盖复制 'F:/机务处工作/EmailClient/EmailClient/bin/Debug/data.mdb' -> 'H:/EmailClient/EmailClient/bin/Debug/data.mdb'
2015-05-20 00:07:30: 覆盖复制 'F:/机务处工作/EmailClient/EmailClient/bin/Debug/Database.dll' -> 'H:/EmailClient/EmailClient/bin/Debug/Database.dll'
2015-05-20 00:07:30: 覆盖复制 'F:/机务处工作/EmailClient/EmailClient/bin/Debug/Database.pdb' -> 'H:/EmailClient/EmailClient/bin/Debug/Database.pdb'
2015-05-20 00:07:30: 覆盖复制 'F:/机务处工作/EmailClient/EmailClient/bin/Debug/DBHelp.dll' -> 'H:/EmailClient/EmailClient/bin/Debug/DBHelp.dll'
2015-05-20 00:07:31: 覆盖复制 'F:/机务处工作/EmailClient/EmailClient/bin/Debug/DBHelp.pdb' -> 'H:/EmailClient/EmailClient/bin/Debug/DBHelp.pdb'
2015-05-20 00:07:31: 覆盖复制 'F:/机务处工作/EmailClient/EmailClient/bin/Debug/EmailClient.exe' -> 'H:/EmailClient/EmailClient/bin/Debug/EmailClient.exe'
2015-05-20 00:07:31: 覆盖复制 'F:/机务处工作/EmailClient/EmailClient/bin/Debug/EmailClient.pdb' -> 'H:/EmailClient/EmailClient/bin/Debug/EmailClient.pdb'
2015-05-20 00:07:31: 覆盖复制 'F:/机务处工作/EmailClient/EmailClient/bin/Debug/EmailClient.vshost.exe' -> 'H:/EmailClient/EmailClient/bin/Debug/EmailClient.vshost.exe'
2015-05-20 00:07:31: 覆盖复制 'F:/机务处工作/EmailClient/EmailClient/bin/Debug/EmailClient.vshost.exe.manifest' -> 'H:/EmailClient/EmailClient/bin/Debug/EmailClient.vshost.exe.manifest'
2015-05-20 00:07:32: 新建复制 'F:/机务处工作/EmailClient/EmailClient/bin/Debug/export/2015年4月发文总记录.doc' -> 'H:/EmailClient/EmailClient/bin/Debug/export/2015年4月发文总记录.doc'
2015-05-20 00:07:32: 新建复制 'F:/机务处工作/EmailClient/EmailClient/bin/Debug/export/2015年4月王裕林发文记录.doc' -> 'H:/EmailClient/EmailClient/bin/Debug/export/2015年4月王裕林发文记录.doc'
2015-05-20 00:07:32: 覆盖复制 'F:/机务处工作/EmailClient/EmailClient/bin/Debug/Interop.jmail.dll' -> 'H:/EmailClient/EmailClient/bin/Debug/Interop.jmail.dll'
2015-05-20 00:07:32: 覆盖复制 'F:/机务处工作/EmailClient/EmailClient/bin/Debug/mail.html' -> 'H:/EmailClient/EmailClient/bin/Debug/mail.html'
2015-05-20 00:07:32: 覆盖复制 'F:/机务处工作/EmailClient/EmailClient/bin/Debug/MailRecord.exe' -> 'H:/EmailClient/EmailClient/bin/Debug/MailRecord.exe'
2015-05-20 00:07:32: 覆盖复制 'F:/机务处工作/EmailClient/EmailClient/bin/Debug/MailRecord.pdb' -> 'H:/EmailClient/EmailClient/bin/Debug/MailRecord.pdb'
2015-05-20 00:07:32: 覆盖复制 'F:/机务处工作/EmailClient/EmailClient/bin/Debug/MailsViewer.exe' -> 'H:/EmailClient/EmailClient/bin/Debug/MailsViewer.exe'
2015-05-20 00:07:32: 覆盖复制 'F:/机务处工作/EmailClient/EmailClient/bin/Debug/MailsViewer.pdb' -> 'H:/EmailClient/EmailClient/bin/Debug/MailsViewer.pdb'
2015-05-20 00:07:32: 覆盖复制 'F:/机务处工作/EmailClient/EmailClient/MainForm.cs' -> 'H:/EmailClient/EmailClient/MainForm.cs'
2015-05-20 00:07:32: 覆盖复制 'F:/机务处工作/EmailClient/EmailClient/obj/x86/Debug/DesignTimeResolveAssemblyReferencesInput.cache' -> 'H:/EmailClient/EmailClient/obj/x86/Debug/DesignTimeResolveAssemblyReferencesInput.cache'
2015-05-20 00:07:33: 覆盖复制 'F:/机务处工作/EmailClient/EmailClient/obj/x86/Debug/EmailClient.AccountForm.resources' -> 'H:/EmailClient/EmailClient/obj/x86/Debug/EmailClient.AccountForm.resources'
2015-05-20 00:07:33: 覆盖复制 'F:/机务处工作/EmailClient/EmailClient/obj/x86/Debug/EmailClient.ContactForm.resources' -> 'H:/EmailClient/EmailClient/obj/x86/Debug/EmailClient.ContactForm.resources'
2015-05-20 00:07:33: 覆盖复制 'F:/机务处工作/EmailClient/EmailClient/obj/x86/Debug/EmailClient.csproj.FileListAbsolute.txt' -> 'H:/EmailClient/EmailClient/obj/x86/Debug/EmailClient.csproj.FileListAbsolute.txt'
2015-05-20 00:07:33: 覆盖复制 'F:/机务处工作/EmailClient/EmailClient/obj/x86/Debug/EmailClient.csproj.GenerateResource.Cache' -> 'H:/EmailClient/EmailClient/obj/x86/Debug/EmailClient.csproj.GenerateResource.Cache'
2015-05-20 00:07:33: 覆盖复制 'F:/机务处工作/EmailClient/EmailClient/obj/x86/Debug/EmailClient.csproj.ResolveComReference.cache' -> 'H:/EmailClient/EmailClient/obj/x86/Debug/EmailClient.csproj.ResolveComReference.cache'
2015-05-20 00:07:33: 覆盖复制 'F:/机务处工作/EmailClient/EmailClient/obj/x86/Debug/EmailClient.csprojResolveAssemblyReference.cache' -> 'H:/EmailClient/EmailClient/obj/x86/Debug/EmailClient.csprojResolveAssemblyReference.cache'
2015-05-20 00:07:33: 覆盖复制 'F:/机务处工作/EmailClient/EmailClient/obj/x86/Debug/EmailClient.exe' -> 'H:/EmailClient/EmailClient/obj/x86/Debug/EmailClient.exe'
2015-05-20 00:07:33: 覆盖复制 'F:/机务处工作/EmailClient/EmailClient/obj/x86/Debug/EmailClient.MainForm.resources' -> 'H:/EmailClient/EmailClient/obj/x86/Debug/EmailClient.MainForm.resources'
2015-05-20 00:07:33: 覆盖复制 'F:/机务处工作/EmailClient/EmailClient/obj/x86/Debug/EmailClient.pdb' -> 'H:/EmailClient/EmailClient/obj/x86/Debug/EmailClient.pdb'
2015-05-20 00:07:33: 覆盖复制 'F:/机务处工作/EmailClient/EmailClient/obj/x86/Debug/EmailClient.Properties.Resources.resources' -> 'H:/EmailClient/EmailClient/obj/x86/Debug/EmailClient.Properties.Resources.resources'
2015-05-20 00:07:33: 新建复制 'F:/机务处工作/EmailClient/EmailClient/obj/x86/Debug/GenerateResource.read.1.tlog' -> 'H:/EmailClient/EmailClient/obj/x86/Debug/GenerateResource.read.1.tlog'
2015-05-20 00:07:34: 新建复制 'F:/机务处工作/EmailClient/EmailClient/obj/x86/Debug/GenerateResource.write.1.tlog' -> 'H:/EmailClient/EmailClient/obj/x86/Debug/GenerateResource.write.1.tlog'
2015-05-20 00:07:34: 覆盖复制 'F:/机务处工作/EmailClient/EmailClient/obj/x86/Debug/Interop.ADODB.dll' -> 'H:/EmailClient/EmailClient/obj/x86/Debug/Interop.ADODB.dll'
2015-05-20 00:07:34: 覆盖复制 'F:/机务处工作/EmailClient/EmailClient/obj/x86/Debug/Interop.CDO.dll' -> 'H:/EmailClient/EmailClient/obj/x86/Debug/Interop.CDO.dll'
2015-05-20 00:07:34: 覆盖复制 'F:/机务处工作/EmailClient/EmailClient/obj/x86/Debug/Interop.jmail.dll' -> 'H:/EmailClient/EmailClient/obj/x86/Debug/Interop.jmail.dll'
2015-05-20 00:07:35: 新建复制 'F:/机务处工作/EmailClient/EmailClient/obj/x86/Debug/ResolveAssemblyReference.cache' -> 'H:/EmailClient/EmailClient/obj/x86/Debug/ResolveAssemblyReference.cache'
2015-05-20 00:07:35: 覆盖复制 'F:/机务处工作/EmailClient/MailRecord/bin/Debug/Common.dll' -> 'H:/EmailClient/MailRecord/bin/Debug/Common.dll'
2015-05-20 00:07:35: 覆盖复制 'F:/机务处工作/EmailClient/MailRecord/bin/Debug/Common.pdb' -> 'H:/EmailClient/MailRecord/bin/Debug/Common.pdb'
2015-05-20 00:07:37: 覆盖复制 'F:/机务处工作/EmailClient/MailRecord/bin/Debug/data.mdb' -> 'H:/EmailClient/MailRecord/bin/Debug/data.mdb'
2015-05-20 00:07:38: 覆盖复制 'F:/机务处工作/EmailClient/MailRecord/bin/Debug/Database.dll' -> 'H:/EmailClient/MailRecord/bin/Debug/Database.dll'
2015-05-20 00:07:38: 覆盖复制 'F:/机务处工作/EmailClient/MailRecord/bin/Debug/Database.pdb' -> 'H:/EmailClient/MailRecord/bin/Debug/Database.pdb'
2015-05-20 00:07:38: 覆盖复制 'F:/机务处工作/EmailClient/MailRecord/bin/Debug/DBHelp.dll' -> 'H:/EmailClient/MailRecord/bin/Debug/DBHelp.dll'
2015-05-20 00:07:38: 覆盖复制 'F:/机务处工作/EmailClient/MailRecord/bin/Debug/DBHelp.pdb' -> 'H:/EmailClient/MailRecord/bin/Debug/DBHelp.pdb'
2015-05-20 00:07:38: 覆盖复制 'F:/机务处工作/EmailClient/MailRecord/bin/Debug/MailRecord.exe' -> 'H:/EmailClient/MailRecord/bin/Debug/MailRecord.exe'
2015-05-20 00:07:38: 覆盖复制 'F:/机务处工作/EmailClient/MailRecord/bin/Debug/MailRecord.pdb' -> 'H:/EmailClient/MailRecord/bin/Debug/MailRecord.pdb'
2015-05-20 00:07:38: 覆盖复制 'F:/机务处工作/EmailClient/MailRecord/bin/Debug/MailRecord.vshost.exe' -> 'H:/EmailClient/MailRecord/bin/Debug/MailRecord.vshost.exe'
2015-05-20 00:07:38: 覆盖复制 'F:/机务处工作/EmailClient/MailRecord/bin/Debug/MailsViewer.exe' -> 'H:/EmailClient/MailRecord/bin/Debug/MailsViewer.exe'
2015-05-20 00:07:38: 覆盖复制 'F:/机务处工作/EmailClient/MailRecord/bin/Debug/MailsViewer.pdb' -> 'H:/EmailClient/MailRecord/bin/Debug/MailsViewer.pdb'
2015-05-20 00:07:38: 覆盖复制 'F:/机务处工作/EmailClient/MailRecord/MailRecord.csproj' -> 'H:/EmailClient/MailRecord/MailRecord.csproj'
2015-05-20 00:07:38: 覆盖复制 'F:/机务处工作/EmailClient/MailRecord/obj/x86/Debug/DesignTimeResolveAssemblyReferences.cache' -> 'H:/EmailClient/MailRecord/obj/x86/Debug/DesignTimeResolveAssemblyReferences.cache'
2015-05-20 00:07:39: 覆盖复制 'F:/机务处工作/EmailClient/MailRecord/obj/x86/Debug/DesignTimeResolveAssemblyReferencesInput.cache' -> 'H:/EmailClient/MailRecord/obj/x86/Debug/DesignTimeResolveAssemblyReferencesInput.cache'
2015-05-20 00:07:39: 覆盖复制 'F:/机务处工作/EmailClient/MailRecord/obj/x86/Debug/MailRecord.csproj.FileListAbsolute.txt' -> 'H:/EmailClient/MailRecord/obj/x86/Debug/MailRecord.csproj.FileListAbsolute.txt'
2015-05-20 00:07:39: 覆盖复制 'F:/机务处工作/EmailClient/MailRecord/obj/x86/Debug/MailRecord.csproj.GenerateResource.Cache' -> 'H:/EmailClient/MailRecord/obj/x86/Debug/MailRecord.csproj.GenerateResource.Cache'
2015-05-20 00:07:39: 覆盖复制 'F:/机务处工作/EmailClient/MailRecord/obj/x86/Debug/MailRecord.csprojResolveAssemblyReference.cache' -> 'H:/EmailClient/MailRecord/obj/x86/Debug/MailRecord.csprojResolveAssemblyReference.cache'
2015-05-20 00:07:40: 覆盖复制 'F:/机务处工作/EmailClient/MailRecord/obj/x86/Debug/MailRecord.exe' -> 'H:/EmailClient/MailRecord/obj/x86/Debug/MailRecord.exe'
2015-05-20 00:07:40: 覆盖复制 'F:/机务处工作/EmailClient/MailRecord/obj/x86/Debug/MailRecord.pdb' -> 'H:/EmailClient/MailRecord/obj/x86/Debug/MailRecord.pdb'
2015-05-20 00:07:40: 覆盖复制 'F:/机务处工作/EmailClient/MailRecord/obj/x86/Debug/MailRecord.Properties.Resources.resources' -> 'H:/EmailClient/MailRecord/obj/x86/Debug/MailRecord.Properties.Resources.resources'
2015-05-20 00:07:40: 新建复制 'F:/机务处工作/EmailClient/MailRecord/obj/x86/Debug/MailRecord.RecordEdit.resources' -> 'H:/EmailClient/MailRecord/obj/x86/Debug/MailRecord.RecordEdit.resources'
2015-05-20 00:07:40: 覆盖复制 'F:/机务处工作/EmailClient/MailRecord/obj/x86/Debug/MailRecord.RecordForm.resources' -> 'H:/EmailClient/MailRecord/obj/x86/Debug/MailRecord.RecordForm.resources'
2015-05-20 00:07:40: 覆盖复制 'F:/机务处工作/EmailClient/MailRecord/obj/x86/Debug/TempPE/Properties.Resources.Designer.cs.dll' -> 'H:/EmailClient/MailRecord/obj/x86/Debug/TempPE/Properties.Resources.Designer.cs.dll'
2015-05-20 00:07:40: 覆盖复制 'F:/机务处工作/EmailClient/MailRecord/Properties/Resources.Designer.cs' -> 'H:/EmailClient/MailRecord/Properties/Resources.Designer.cs'
2015-05-20 00:07:40: 覆盖复制 'F:/机务处工作/EmailClient/MailRecord/Properties/Resources.resx' -> 'H:/EmailClient/MailRecord/Properties/Resources.resx'
2015-05-20 00:07:40: 新建复制 'F:/机务处工作/EmailClient/MailRecord/RecordEdit.cs' -> 'H:/EmailClient/MailRecord/RecordEdit.cs'
2015-05-20 00:07:40: 新建复制 'F:/机务处工作/EmailClient/MailRecord/RecordEdit.Designer.cs' -> 'H:/EmailClient/MailRecord/RecordEdit.Designer.cs'
2015-05-20 00:07:40: 新建复制 'F:/机务处工作/EmailClient/MailRecord/RecordEdit.resx' -> 'H:/EmailClient/MailRecord/RecordEdit.resx'
2015-05-20 00:07:40: 覆盖复制 'F:/机务处工作/EmailClient/MailRecord/RecordForm.cs' -> 'H:/EmailClient/MailRecord/RecordForm.cs'
2015-05-20 00:07:40: 覆盖复制 'F:/机务处工作/EmailClient/MailRecord/RecordForm.Designer.cs' -> 'H:/EmailClient/MailRecord/RecordForm.Designer.cs'
2015-05-20 00:07:41: 覆盖复制 'F:/机务处工作/EmailClient/MailRecord/RecordForm.resx' -> 'H:/EmailClient/MailRecord/RecordForm.resx'
2015-05-20 00:07:41: 新建复制 'F:/机务处工作/EmailClient/MailRecord/Resources/preview.png' -> 'H:/EmailClient/MailRecord/Resources/preview.png'
2015-05-20 00:07:42: 覆盖复制 'F:/机务处工作/EmailClient/MailViewer/bin/Debug/Database.dll' -> 'H:/EmailClient/MailViewer/bin/Debug/Database.dll'
2015-05-20 00:07:42: 覆盖复制 'F:/机务处工作/EmailClient/MailViewer/bin/Debug/Database.pdb' -> 'H:/EmailClient/MailViewer/bin/Debug/Database.pdb'
2015-05-20 00:07:42: 覆盖复制 'F:/机务处工作/EmailClient/MailViewer/bin/Debug/DBHelp.dll' -> 'H:/EmailClient/MailViewer/bin/Debug/DBHelp.dll'
2015-05-20 00:07:42: 覆盖复制 'F:/机务处工作/EmailClient/MailViewer/bin/Debug/DBHelp.pdb' -> 'H:/EmailClient/MailViewer/bin/Debug/DBHelp.pdb'
2015-05-20 00:07:42: 覆盖复制 'F:/机务处工作/EmailClient/MailViewer/bin/Debug/MailsViewer.exe' -> 'H:/EmailClient/MailViewer/bin/Debug/MailsViewer.exe'
2015-05-20 00:07:42: 覆盖复制 'F:/机务处工作/EmailClient/MailViewer/bin/Debug/MailsViewer.pdb' -> 'H:/EmailClient/MailViewer/bin/Debug/MailsViewer.pdb'
2015-05-20 00:07:42: 新建复制 'F:/机务处工作/EmailClient/MailViewer/bin/Debug/MailsViewer.vshost.exe' -> 'H:/EmailClient/MailViewer/bin/Debug/MailsViewer.vshost.exe'
2015-05-20 00:07:42: 新建复制 'F:/机务处工作/EmailClient/MailViewer/bin/Debug/MailsViewer.vshost.exe.config' -> 'H:/EmailClient/MailViewer/bin/Debug/MailsViewer.vshost.exe.config'
2015-05-20 00:07:42: 新建复制 'F:/机务处工作/EmailClient/MailViewer/bin/Debug/MailsViewer.vshost.exe.manifest' -> 'H:/EmailClient/MailViewer/bin/Debug/MailsViewer.vshost.exe.manifest'
2015-05-20 00:07:42: 覆盖复制 'F:/机务处工作/EmailClient/MailViewer/MailViewer.cs' -> 'H:/EmailClient/MailViewer/MailViewer.cs'
2015-05-20 00:07:43: 覆盖复制 'F:/机务处工作/EmailClient/MailViewer/obj/x86/Debug/DesignTimeResolveAssemblyReferencesInput.cache' -> 'H:/EmailClient/MailViewer/obj/x86/Debug/DesignTimeResolveAssemblyReferencesInput.cache'
2015-05-20 00:07:43: 覆盖复制 'F:/机务处工作/EmailClient/MailViewer/obj/x86/Debug/MailsViewer.csproj.FileListAbsolute.txt' -> 'H:/EmailClient/MailViewer/obj/x86/Debug/MailsViewer.csproj.FileListAbsolute.txt'
2015-05-20 00:07:43: 覆盖复制 'F:/机务处工作/EmailClient/MailViewer/obj/x86/Debug/MailsViewer.csproj.GenerateResource.Cache' -> 'H:/EmailClient/MailViewer/obj/x86/Debug/MailsViewer.csproj.GenerateResource.Cache'
2015-05-20 00:07:43: 覆盖复制 'F:/机务处工作/EmailClient/MailViewer/obj/x86/Debug/MailsViewer.csprojResolveAssemblyReference.cache' -> 'H:/EmailClient/MailViewer/obj/x86/Debug/MailsViewer.csprojResolveAssemblyReference.cache'
2015-05-20 00:07:43: 覆盖复制 'F:/机务处工作/EmailClient/MailViewer/obj/x86/Debug/MailsViewer.exe' -> 'H:/EmailClient/MailViewer/obj/x86/Debug/MailsViewer.exe'
2015-05-20 00:07:43: 覆盖复制 'F:/机务处工作/EmailClient/MailViewer/obj/x86/Debug/MailsViewer.MailViewer.resources' -> 'H:/EmailClient/MailViewer/obj/x86/Debug/MailsViewer.MailViewer.resources'
2015-05-20 00:07:43: 覆盖复制 'F:/机务处工作/EmailClient/MailViewer/obj/x86/Debug/MailsViewer.pdb' -> 'H:/EmailClient/MailViewer/obj/x86/Debug/MailsViewer.pdb'
2015-05-20 00:07:43: 覆盖复制 'F:/机务处工作/EmailClient/MailViewer/obj/x86/Debug/MailsViewer.Properties.Resources.resources' -> 'H:/EmailClient/MailViewer/obj/x86/Debug/MailsViewer.Properties.Resources.resources'
2015-05-20 00:07:44: 项目同步未必： 131，错误： 
2015-05-20 00:07:44: ===== ：同步完毕。时间：00:00:24，速度： 910 KB/s (177 KB/s) =====
2015-05-20 00:07:44: 
