2015-05-18 15:58:32: ----- ：任务 'EmailClient'：计算机 'KINGSTUDIO' 上的分析操作已由 User 所启动 (GoodSync v 9.6.2.5) -----
2015-05-18 15:58:32: F:\机务处工作\EmailClient (F:/机务处工作/EmailClient) =PropDels=> =大白菜U盘:\EmailClient (H:/EmailClient)
2015-05-18 15:58:32: 左侧：文件： 293 (已排除 4)。文件夹： 66 (已排除 1)。 F: NTFS, 可用空间：64.1 GB，总计空间：99.9 GB
2015-05-18 15:58:32: 右侧：文件： 228 (已排除 1)。文件夹： 53 (已排除 1)。 H: FAT32, 可用空间：542 MB，总计空间：1.31 GB
2015-05-18 15:58:32: 变更：467 (471)， 冲突：， 复制时间：， 复制状态：/， 错误： 
2015-05-18 15:58:32: Left to Right: Copy File: 276 Delete File: 151 Rename/Move File/Folder: 40 
2015-05-18 15:58:32: ----- ：分析已结束。 历时 00:00:00， 速度： Many 个文件/秒 -----
2015-05-18 15:58:32: 
2015-05-18 15:58:38: ===== ：任务 'EmailClient'：同步已被 User 所启动，位于计算机 'KINGSTUDIO' =====
2015-05-18 15:58:38: F:\机务处工作\EmailClient (F:/机务处工作/EmailClient) =PropDels=> =大白菜U盘:\EmailClient (H:/EmailClient)
2015-05-18 15:58:38: 删除文件 'H:/EmailClient/ASPOSEdll/ASPOSEdll/Aspose.Cells.dll'
2015-05-18 15:58:38: 删除文件 'H:/EmailClient/ASPOSEdll/ASPOSEdll/Aspose.Editor.Client.dll'
2015-05-18 15:58:38: 删除文件 'H:/EmailClient/ASPOSEdll/ASPOSEdll/Aspose.Editor.Client.xml'
2015-05-18 15:58:38: 删除文件 'H:/EmailClient/ASPOSEdll/ASPOSEdll/Aspose.Editor.Desktop.dll'
2015-05-18 15:58:38: 删除文件 'H:/EmailClient/ASPOSEdll/ASPOSEdll/Aspose.Editor.Desktop.xml'
2015-05-18 15:58:38: 删除文件 'H:/EmailClient/ASPOSEdll/ASPOSEdll/Aspose.Editor.Server.dll'
2015-05-18 15:58:38: 删除文件 'H:/EmailClient/ASPOSEdll/ASPOSEdll/Aspose.Editor.Server.xml'
2015-05-18 15:58:39: 删除文件 'H:/EmailClient/ASPOSEdll/ASPOSEdll/Aspose.Email.dll'
2015-05-18 15:58:39: 删除文件 'H:/EmailClient/ASPOSEdll/ASPOSEdll/Aspose.Flash.dll'
2015-05-18 15:58:39: 删除文件 'H:/EmailClient/ASPOSEdll/ASPOSEdll/Aspose.Flash.xml'
2015-05-18 15:58:39: 删除文件 'H:/EmailClient/ASPOSEdll/ASPOSEdll/Aspose.Form.dll'
2015-05-18 15:58:39: 删除文件 'H:/EmailClient/ASPOSEdll/ASPOSEdll/Aspose.Network.dll'
2015-05-18 15:58:39: 删除文件 'H:/EmailClient/ASPOSEdll/ASPOSEdll/Aspose.Network.XML'
2015-05-18 15:58:39: 删除文件 'H:/EmailClient/ASPOSEdll/ASPOSEdll/Aspose.Pdf.dll'
2015-05-18 15:58:39: 删除文件 'H:/EmailClient/ASPOSEdll/ASPOSEdll/Aspose.Pdf.Kit.dll'
2015-05-18 15:58:39: 删除文件 'H:/EmailClient/ASPOSEdll/ASPOSEdll/Aspose.Pdf.kit.xml'
2015-05-18 15:58:39: 删除文件 'H:/EmailClient/ASPOSEdll/ASPOSEdll/Aspose.Pdf.xml'
2015-05-18 15:58:39: 删除文件 'H:/EmailClient/ASPOSEdll/ASPOSEdll/Aspose.Recognition.dll'
2015-05-18 15:58:39: 删除文件 'H:/EmailClient/ASPOSEdll/ASPOSEdll/Aspose.Recognition.xml'
2015-05-18 15:58:39: 删除文件 'H:/EmailClient/ASPOSEdll/ASPOSEdll/Aspose.Slides.xml'
2015-05-18 15:58:39: 删除文件 'H:/EmailClient/ASPOSEdll/ASPOSEdll/Aspose.Tasks.dll'
2015-05-18 15:58:39: 删除文件 'H:/EmailClient/ASPOSEdll/ASPOSEdll/Aspose.Tasks.xml'
2015-05-18 15:58:39: 删除文件 'H:/EmailClient/ASPOSEdll/ASPOSEdll/Aspose.Words.dll'
2015-05-18 15:58:39: 删除文件 'H:/EmailClient/ASPOSEdll/ASPOSEdll/Aspose.Words.idl'
2015-05-18 15:58:39: 删除文件 'H:/EmailClient/ASPOSEdll/ASPOSEdll/Aspose.Words.tlb'
2015-05-18 15:58:39: 删除文件 'H:/EmailClient/ASPOSEdll/ASPOSEdll/Aspose.Words.xml'
2015-05-18 15:58:39: 删除文件 'H:/EmailClient/ASPOSEdll/ASPOSEdll/version.txt'
2015-05-18 15:58:39: 删除文件 'H:/EmailClient/ASPOSEdll.zip'
2015-05-18 15:58:39: 删除文件 'H:/EmailClient/EmailClient/AutoUpdate/AutoUpdate.csproj'
2015-05-18 15:58:39: 删除文件 'H:/EmailClient/EmailClient/AutoUpdate/AutoUpdate.sln'
2015-05-18 15:58:40: 删除文件 'H:/EmailClient/EmailClient/AutoUpdate/bin/Debug/AutoUpdate.dll'
2015-05-18 15:58:40: 删除文件 'H:/EmailClient/EmailClient/AutoUpdate/bin/Debug/AutoUpdate.exe'
2015-05-18 15:58:40: 删除文件 'H:/EmailClient/EmailClient/AutoUpdate/bin/Debug/AutoUpdate.pdb'
2015-05-18 15:58:40: 删除文件 'H:/EmailClient/EmailClient/AutoUpdate/bin/Debug/UpdateList.xml'
2015-05-18 15:58:40: 删除文件 'H:/EmailClient/EmailClient/AutoUpdate/FrmUpdate.cs'
2015-05-18 15:58:40: 删除文件 'H:/EmailClient/EmailClient/AutoUpdate/obj/AutoUpdate.csproj.FileList.txt'
2015-05-18 15:58:40: 删除文件 'H:/EmailClient/EmailClient/AutoUpdate/obj/Debug/AutoUpdate.csproj.FileListAbsolute.txt'
2015-05-18 15:58:40: 删除文件 'H:/EmailClient/EmailClient/AutoUpdate/obj/Debug/AutoUpdate.csproj.GenerateResource.Cache'
2015-05-18 15:58:40: 删除文件 'H:/EmailClient/EmailClient/AutoUpdate/obj/Debug/AutoUpdate.dll'
2015-05-18 15:58:40: 删除文件 'H:/EmailClient/EmailClient/AutoUpdate/obj/Debug/AutoUpdate.exe'
2015-05-18 15:58:40: 删除文件 'H:/EmailClient/EmailClient/AutoUpdate/obj/Debug/AutoUpdate.FrmUpdate.resources'
2015-05-18 15:58:40: 删除文件 'H:/EmailClient/EmailClient/AutoUpdate/obj/Debug/AutoUpdate.pdb'
2015-05-18 15:58:40: 删除文件 'H:/EmailClient/EmailClient/AutoUpdate/obj/Debug/DesignTimeResolveAssemblyReferencesInput.cache'
2015-05-18 15:58:40: 删除文件夹 'H:/EmailClient/EmailClient/AutoUpdate/obj/Debug/temp'
2015-05-18 15:58:40: 删除文件夹 'H:/EmailClient/EmailClient/AutoUpdate/obj/Debug/TempPE'
2015-05-18 15:58:40: 删除文件 'H:/EmailClient/EmailClient/AutoUpdate/UpgradeLog.XML'
2015-05-18 15:58:40: 删除文件 'H:/EmailClient/EmailClient/AutoUpdate/XmlFiles.cs'
2015-05-18 15:58:40: 删除文件 'H:/EmailClient/EmailClient/common/AccessHelper.cs'
2015-05-18 15:58:40: 删除文件 'H:/EmailClient/EmailClient/common/AutoTidy.cs'
2015-05-18 15:58:40: 删除文件 'H:/EmailClient/EmailClient/common/Common.cs'
2015-05-18 15:58:40: 删除文件 'H:/EmailClient/EmailClient/common/Config.cs'
2015-05-18 15:58:40: 删除文件 'H:/EmailClient/EmailClient/common/Contacts.cs'
2015-05-18 15:58:40: 删除文件 'H:/EmailClient/EmailClient/common/DecodeQP.cs'
2015-05-18 15:58:40: 删除文件 'H:/EmailClient/EmailClient/common/DESEncrypt.cs'
2015-05-18 15:58:40: 删除文件 'H:/EmailClient/EmailClient/common/IdentifyEncoding.cs'
2015-05-18 15:58:40: 删除文件 'H:/EmailClient/EmailClient/common/IniConfig.cs'
2015-05-18 15:58:40: 删除文件 'H:/EmailClient/EmailClient/common/INIOperationClass.cs'
2015-05-18 15:58:40: 删除文件 'H:/EmailClient/EmailClient/common/MySorter.cs'
2015-05-18 15:58:41: 删除文件夹 'H:/EmailClient/EmailClient/common'
2015-05-18 15:58:41: 删除文件 'H:/EmailClient/EmailClient/database/Contact.cs'
2015-05-18 15:58:41: 删除文件 'H:/EmailClient/EmailClient/database/FromMail.cs'
2015-05-18 15:58:41: 删除文件 'H:/EmailClient/EmailClient/database/Mail.cs'
2015-05-18 15:58:41: 删除文件夹 'H:/EmailClient/EmailClient/database'
2015-05-18 15:58:41: 删除文件 'H:/EmailClient/EmailClient/DBHelp/Access.cs'
2015-05-18 15:58:41: 删除文件 'H:/EmailClient/EmailClient/DBHelp/bin/Debug/DBHelp.dll'
2015-05-18 15:58:41: 删除文件 'H:/EmailClient/EmailClient/DBHelp/bin/Debug/DBHelp.pdb'
2015-05-18 15:58:41: 删除文件夹 'H:/EmailClient/EmailClient/DBHelp/bin/Debug'
2015-05-18 15:58:41: 删除文件 'H:/EmailClient/EmailClient/DBHelp/bin/Release/DBHelp.dll'
2015-05-18 15:58:41: 删除文件 'H:/EmailClient/EmailClient/DBHelp/bin/Release/DBHelp.pdb'
2015-05-18 15:58:41: 删除文件夹 'H:/EmailClient/EmailClient/DBHelp/bin/Release'
2015-05-18 15:58:41: 删除文件夹 'H:/EmailClient/EmailClient/DBHelp/bin'
2015-05-18 15:58:41: 删除文件 'H:/EmailClient/EmailClient/DBHelp/DBHelp.csproj'
2015-05-18 15:58:41: 删除文件 'H:/EmailClient/EmailClient/DBHelp/obj/Debug/DBHelp.csproj.FileListAbsolute.txt'
2015-05-18 15:58:41: 删除文件 'H:/EmailClient/EmailClient/DBHelp/obj/Debug/DBHelp.csprojResolveAssemblyReference.cache'
2015-05-18 15:58:41: 删除文件 'H:/EmailClient/EmailClient/DBHelp/obj/Debug/DBHelp.dll'
2015-05-18 15:58:41: 删除文件 'H:/EmailClient/EmailClient/DBHelp/obj/Debug/DBHelp.pdb'
2015-05-18 15:58:41: 删除文件 'H:/EmailClient/EmailClient/DBHelp/obj/Debug/DesignTimeResolveAssemblyReferences.cache'
2015-05-18 15:58:41: 删除文件 'H:/EmailClient/EmailClient/DBHelp/obj/Debug/DesignTimeResolveAssemblyReferencesInput.cache'
2015-05-18 15:58:41: 删除文件 'H:/EmailClient/EmailClient/DBHelp/obj/Release/DBHelp.csproj.FileListAbsolute.txt'
2015-05-18 15:58:41: 删除文件 'H:/EmailClient/EmailClient/DBHelp/obj/Release/DBHelp.dll'
2015-05-18 15:58:41: 删除文件 'H:/EmailClient/EmailClient/DBHelp/obj/Release/DBHelp.pdb'
2015-05-18 15:58:41: 删除文件 'H:/EmailClient/EmailClient/DBHelp/obj/Release/DesignTimeResolveAssemblyReferencesInput.cache'
2015-05-18 15:58:41: 删除文件夹 'H:/EmailClient/EmailClient/DBHelp/obj/Release'
2015-05-18 15:58:41: 删除文件 'H:/EmailClient/EmailClient/MailViewer.cs'
2015-05-18 15:58:41: 删除文件 'H:/EmailClient/EmailClient/MailViewer.Designer.cs'
2015-05-18 15:58:41: 删除文件 'H:/EmailClient/EmailClient/MailViewer.resx'
2015-05-18 15:58:41: 删除文件 'H:/EmailClient/EmailClient/obj/x86/Debug/EmailClient.MailViewer.resources'
2015-05-18 15:58:41: 删除文件 'H:/EmailClient/JMail/JMail44_pro破解.exe'
2015-05-18 15:58:41: 删除文件 'H:/EmailClient/JMail/JMail45_free.msi'
2015-05-18 15:58:42: 删除文件 'H:/EmailClient/JMail/绿盟.url'
2015-05-18 15:58:42: 删除文件夹 'H:/EmailClient/JMail'
2015-05-18 15:58:42: 删除文件 'H:/EmailClient/JMail.rar'
2015-05-18 15:58:42: 删除文件 'H:/EmailClient/MailSendAndReceive/jmail.dll'
2015-05-18 15:58:42: 删除文件 'H:/EmailClient/MailSendAndReceive/Jmail破解版组件/w3Jmail44PRO.rar'
2015-05-18 15:58:42: 删除文件夹 'H:/EmailClient/MailSendAndReceive/Jmail破解版组件'
2015-05-18 15:58:42: 删除文件 'H:/EmailClient/MailSendAndReceive/MailSendAndReceive/bin/Debug/Interop.jmail.dll'
2015-05-18 15:58:42: 删除文件 'H:/EmailClient/MailSendAndReceive/MailSendAndReceive/bin/Debug/MailSendAndReceive.exe'
2015-05-18 15:58:42: 删除文件 'H:/EmailClient/MailSendAndReceive/MailSendAndReceive/bin/Debug/MailSendAndReceive.pdb'
2015-05-18 15:58:42: 删除文件 'H:/EmailClient/MailSendAndReceive/MailSendAndReceive/bin/Debug/MailSendAndReceive.vshost.exe'
2015-05-18 15:58:42: 删除文件 'H:/EmailClient/MailSendAndReceive/MailSendAndReceive/bin/Debug/set.ini'
2015-05-18 15:58:42: 删除文件 'H:/EmailClient/MailSendAndReceive/MailSendAndReceive/ConfigInfo.cs'
2015-05-18 15:58:42: 删除文件 'H:/EmailClient/MailSendAndReceive/MailSendAndReceive/db.cs'
2015-05-18 15:58:42: 删除文件 'H:/EmailClient/MailSendAndReceive/MailSendAndReceive/Form1.cs'
2015-05-18 15:58:42: 删除文件 'H:/EmailClient/MailSendAndReceive/MailSendAndReceive/Form1.Designer.cs'
2015-05-18 15:58:42: 删除文件 'H:/EmailClient/MailSendAndReceive/MailSendAndReceive/Form1.resx'
2015-05-18 15:58:42: 删除文件 'H:/EmailClient/MailSendAndReceive/MailSendAndReceive/MailSendAndReceive.csproj'
2015-05-18 15:58:42: 删除文件 'H:/EmailClient/MailSendAndReceive/MailSendAndReceive/MailSendAndReceive.csproj.user'
2015-05-18 15:58:42: 删除文件 'H:/EmailClient/MailSendAndReceive/MailSendAndReceive/MailSendAndReceive.sln'
2015-05-18 15:58:42: 删除文件 'H:/EmailClient/MailSendAndReceive/MailSendAndReceive/obj/x86/Debug/DesignTimeResolveAssemblyReferences.cache'
2015-05-18 15:58:42: 删除文件 'H:/EmailClient/MailSendAndReceive/MailSendAndReceive/obj/x86/Debug/DesignTimeResolveAssemblyReferencesInput.cache'
2015-05-18 15:58:42: 删除文件 'H:/EmailClient/MailSendAndReceive/MailSendAndReceive/obj/x86/Debug/Interop.jmail.dll'
2015-05-18 15:58:42: 删除文件 'H:/EmailClient/MailSendAndReceive/MailSendAndReceive/obj/x86/Debug/MailSendAndReceive.csproj.FileListAbsolute.txt'
2015-05-18 15:58:42: 删除文件 'H:/EmailClient/MailSendAndReceive/MailSendAndReceive/obj/x86/Debug/MailSendAndReceive.csproj.GenerateResource.Cache'
2015-05-18 15:58:42: 删除文件 'H:/EmailClient/MailSendAndReceive/MailSendAndReceive/obj/x86/Debug/MailSendAndReceive.csproj.ResolveComReference.cache'
2015-05-18 15:58:42: 删除文件 'H:/EmailClient/MailSendAndReceive/MailSendAndReceive/obj/x86/Debug/MailSendAndReceive.exe'
2015-05-18 15:58:42: 删除文件 'H:/EmailClient/MailSendAndReceive/MailSendAndReceive/obj/x86/Debug/MailSendAndReceive.mainfrm.resources'
2015-05-18 15:58:42: 删除文件 'H:/EmailClient/MailSendAndReceive/MailSendAndReceive/obj/x86/Debug/MailSendAndReceive.pdb'
2015-05-18 15:58:42: 删除文件 'H:/EmailClient/MailSendAndReceive/MailSendAndReceive/obj/x86/Debug/MailSendAndReceive.Properties.Resources.resources'
2015-05-18 15:58:42: 删除文件 'H:/EmailClient/MailSendAndReceive/MailSendAndReceive/obj/x86/Debug/ResolveAssemblyReference.cache'
2015-05-18 15:58:42: 删除文件 'H:/EmailClient/MailSendAndReceive/MailSendAndReceive/obj/x86/Debug/set.ini'
2015-05-18 15:58:42: 删除文件夹 'H:/EmailClient/MailSendAndReceive/MailSendAndReceive/obj/x86/Debug/TempPE'
2015-05-18 15:58:42: 删除文件夹 'H:/EmailClient/MailSendAndReceive/MailSendAndReceive/obj/x86/Debug'
2015-05-18 15:58:42: 删除文件夹 'H:/EmailClient/MailSendAndReceive/MailSendAndReceive/obj/x86'
2015-05-18 15:58:42: 删除文件夹 'H:/EmailClient/MailSendAndReceive/MailSendAndReceive/obj'
2015-05-18 15:58:42: 删除文件 'H:/EmailClient/MailSendAndReceive/MailSendAndReceive/Program.cs'
2015-05-18 15:58:42: 删除文件 'H:/EmailClient/MailSendAndReceive/MailSendAndReceive/Properties/AssemblyInfo.cs'
2015-05-18 15:58:42: 删除文件 'H:/EmailClient/MailSendAndReceive/MailSendAndReceive/Properties/Resources.Designer.cs'
2015-05-18 15:58:42: 删除文件 'H:/EmailClient/MailSendAndReceive/MailSendAndReceive/Properties/Resources.resx'
2015-05-18 15:58:42: 删除文件 'H:/EmailClient/MailSendAndReceive/MailSendAndReceive/Properties/Settings.Designer.cs'
2015-05-18 15:58:42: 删除文件 'H:/EmailClient/MailSendAndReceive/MailSendAndReceive/Properties/Settings.settings'
2015-05-18 15:58:42: 删除文件夹 'H:/EmailClient/MailSendAndReceive/MailSendAndReceive/Properties'
2015-05-18 15:58:42: 删除文件夹 'H:/EmailClient/MailSendAndReceive/MailSendAndReceive/Service References'
2015-05-18 15:58:42: 删除文件 'H:/EmailClient/MailSendAndReceive/MailSendAndReceive.sln'
2015-05-18 15:58:42: 删除文件 'H:/EmailClient/MailSendAndReceive/ReadMe.txt'
2015-05-18 15:58:42: 删除文件 'H:/EmailClient/MailSendAndReceive/说明.doc'
2015-05-18 15:58:42: 删除文件 'H:/EmailClient/MailSendAndReceive/邮件使用说明.doc'
2015-05-18 15:58:42: 删除文件 'H:/EmailClient/MailSendAndReceive/邮件配置说明.doc'
2015-05-18 15:58:42: 删除文件 'H:/EmailClient/邮件自动接收，并写入sql数据库.rar'
2015-05-18 15:58:43: 创建文件夹 'H:/EmailClient/AutoUpdate'
2015-05-18 15:58:43: 创建文件夹 'H:/EmailClient/AutoUpdate/bin'
2015-05-18 15:58:43: 创建文件夹 'H:/EmailClient/AutoUpdate/bin/Debug'
2015-05-18 15:58:43: 移动文件夹 H:/EmailClient/EmailClient/AutoUpdate/bin/Release -> H:/EmailClient/AutoUpdate/bin/Release
2015-05-18 15:58:43: 创建文件夹 'H:/EmailClient/AutoUpdate/obj'
2015-05-18 15:58:43: 创建文件夹 'H:/EmailClient/AutoUpdate/obj/Debug'
2015-05-18 15:58:43: 创建文件夹 'H:/EmailClient/AutoUpdate/obj/Debug/temp'
2015-05-18 15:58:43: 创建文件夹 'H:/EmailClient/AutoUpdate/obj/Debug/TempPE'
2015-05-18 15:58:43: 移动文件夹 H:/EmailClient/EmailClient/AutoUpdate/Server -> H:/EmailClient/AutoUpdate/Server
2015-05-18 15:58:43: 创建文件夹 'H:/EmailClient/Common'
2015-05-18 15:58:43: 创建文件夹 'H:/EmailClient/Common/bin'
2015-05-18 15:58:43: 创建文件夹 'H:/EmailClient/Common/bin/Debug'
2015-05-18 15:58:43: 创建文件夹 'H:/EmailClient/Common/bin/Release'
2015-05-18 15:58:43: 创建文件夹 'H:/EmailClient/Common/obj'
2015-05-18 15:58:43: 创建文件夹 'H:/EmailClient/Common/obj/x86'
2015-05-18 15:58:43: 创建文件夹 'H:/EmailClient/Common/obj/x86/Debug'
2015-05-18 15:58:43: 创建文件夹 'H:/EmailClient/Common/obj/x86/Debug/TempPE'
2015-05-18 15:58:43: 创建文件夹 'H:/EmailClient/Common/Properties'
2015-05-18 15:58:43: 创建文件夹 'H:/EmailClient/Database'
2015-05-18 15:58:43: 创建文件夹 'H:/EmailClient/Database/bin'
2015-05-18 15:58:43: 创建文件夹 'H:/EmailClient/Database/bin/Debug'
2015-05-18 15:58:43: 创建文件夹 'H:/EmailClient/Database/bin/Release'
2015-05-18 15:58:43: 创建文件夹 'H:/EmailClient/Database/obj'
2015-05-18 15:58:44: 创建文件夹 'H:/EmailClient/Database/obj/Debug'
2015-05-18 15:58:44: 创建文件夹 'H:/EmailClient/Database/obj/Debug/TempPE'
2015-05-18 15:58:44: 创建文件夹 'H:/EmailClient/Database/Properties'
2015-05-18 15:58:44: 创建文件夹 'H:/EmailClient/DBHelp'
2015-05-18 15:58:44: 创建文件夹 'H:/EmailClient/DBHelp/bin'
2015-05-18 15:58:44: 创建文件夹 'H:/EmailClient/DBHelp/bin/Debug'
2015-05-18 15:58:44: 创建文件夹 'H:/EmailClient/DBHelp/bin/Release'
2015-05-18 15:58:44: 创建文件夹 'H:/EmailClient/DBHelp/obj'
2015-05-18 15:58:44: 创建文件夹 'H:/EmailClient/DBHelp/obj/Debug'
2015-05-18 15:58:44: 移动文件夹 H:/EmailClient/EmailClient/DBHelp/obj/Debug/TempPE -> H:/EmailClient/DBHelp/obj/Debug/TempPE
2015-05-18 15:58:44: 创建文件夹 'H:/EmailClient/DBHelp/obj/Release'
2015-05-18 15:58:44: 移动文件夹 H:/EmailClient/EmailClient/DBHelp/Properties -> H:/EmailClient/DBHelp/Properties
2015-05-18 15:58:44: 创建文件夹 'H:/EmailClient/MailRecord/Resources'
2015-05-18 15:58:44: 创建文件夹 'H:/EmailClient/MailViewer'
2015-05-18 15:58:44: 创建文件夹 'H:/EmailClient/MailViewer/bin'
2015-05-18 15:58:44: 创建文件夹 'H:/EmailClient/MailViewer/bin/Debug'
2015-05-18 15:58:44: 创建文件夹 'H:/EmailClient/MailViewer/bin/Release'
2015-05-18 15:58:44: 创建文件夹 'H:/EmailClient/MailViewer/obj'
2015-05-18 15:58:44: 创建文件夹 'H:/EmailClient/MailViewer/obj/x86'
2015-05-18 15:58:44: 创建文件夹 'H:/EmailClient/MailViewer/obj/x86/Debug'
2015-05-18 15:58:44: 创建文件夹 'H:/EmailClient/MailViewer/obj/x86/Debug/TempPE'
2015-05-18 15:58:44: 创建文件夹 'H:/EmailClient/MailViewer/Properties'
2015-05-18 15:58:44: 创建文件夹 'H:/EmailClient/MailViewer/Resources'
2015-05-18 15:58:46: 新建复制 'F:/机务处工作/EmailClient/ASPOSEdll/Aspose.Cells.dll' -> 'H:/EmailClient/ASPOSEdll/Aspose.Cells.dll'
2015-05-18 15:58:47: 新建复制 'F:/机务处工作/EmailClient/ASPOSEdll/Aspose.Editor.Client.dll' -> 'H:/EmailClient/ASPOSEdll/Aspose.Editor.Client.dll'
2015-05-18 15:58:47: 新建复制 'F:/机务处工作/EmailClient/ASPOSEdll/Aspose.Editor.Client.xml' -> 'H:/EmailClient/ASPOSEdll/Aspose.Editor.Client.xml'
2015-05-18 15:58:48: 新建复制 'F:/机务处工作/EmailClient/ASPOSEdll/Aspose.Editor.Desktop.dll' -> 'H:/EmailClient/ASPOSEdll/Aspose.Editor.Desktop.dll'
2015-05-18 15:58:48: 新建复制 'F:/机务处工作/EmailClient/ASPOSEdll/Aspose.Editor.Desktop.xml' -> 'H:/EmailClient/ASPOSEdll/Aspose.Editor.Desktop.xml'
2015-05-18 15:58:49: 新建复制 'F:/机务处工作/EmailClient/ASPOSEdll/Aspose.Editor.Server.dll' -> 'H:/EmailClient/ASPOSEdll/Aspose.Editor.Server.dll'
2015-05-18 15:58:50: 新建复制 'F:/机务处工作/EmailClient/ASPOSEdll/Aspose.Editor.Server.xml' -> 'H:/EmailClient/ASPOSEdll/Aspose.Editor.Server.xml'
2015-05-18 15:58:50: 新建复制 'F:/机务处工作/EmailClient/ASPOSEdll/Aspose.Email.dll' -> 'H:/EmailClient/ASPOSEdll/Aspose.Email.dll'
2015-05-18 15:58:51: 新建复制 'F:/机务处工作/EmailClient/ASPOSEdll/Aspose.Flash.dll' -> 'H:/EmailClient/ASPOSEdll/Aspose.Flash.dll'
2015-05-18 15:58:51: 新建复制 'F:/机务处工作/EmailClient/ASPOSEdll/Aspose.Flash.xml' -> 'H:/EmailClient/ASPOSEdll/Aspose.Flash.xml'
2015-05-18 15:58:51: 新建复制 'F:/机务处工作/EmailClient/ASPOSEdll/Aspose.Form.dll' -> 'H:/EmailClient/ASPOSEdll/Aspose.Form.dll'
2015-05-18 15:58:52: 新建复制 'F:/机务处工作/EmailClient/ASPOSEdll/Aspose.Network.dll' -> 'H:/EmailClient/ASPOSEdll/Aspose.Network.dll'
2015-05-18 15:58:52: 新建复制 'F:/机务处工作/EmailClient/ASPOSEdll/Aspose.Network.XML' -> 'H:/EmailClient/ASPOSEdll/Aspose.Network.XML'
2015-05-18 15:58:53: 新建复制 'F:/机务处工作/EmailClient/ASPOSEdll/Aspose.Pdf.dll' -> 'H:/EmailClient/ASPOSEdll/Aspose.Pdf.dll'
2015-05-18 15:58:54: 新建复制 'F:/机务处工作/EmailClient/ASPOSEdll/Aspose.Pdf.Kit.dll' -> 'H:/EmailClient/ASPOSEdll/Aspose.Pdf.Kit.dll'
2015-05-18 15:58:54: 新建复制 'F:/机务处工作/EmailClient/ASPOSEdll/Aspose.Pdf.kit.xml' -> 'H:/EmailClient/ASPOSEdll/Aspose.Pdf.kit.xml'
2015-05-18 15:58:54: 新建复制 'F:/机务处工作/EmailClient/ASPOSEdll/Aspose.Pdf.xml' -> 'H:/EmailClient/ASPOSEdll/Aspose.Pdf.xml'
2015-05-18 15:58:55: 新建复制 'F:/机务处工作/EmailClient/ASPOSEdll/Aspose.Recognition.dll' -> 'H:/EmailClient/ASPOSEdll/Aspose.Recognition.dll'
2015-05-18 15:58:55: 新建复制 'F:/机务处工作/EmailClient/ASPOSEdll/Aspose.Recognition.xml' -> 'H:/EmailClient/ASPOSEdll/Aspose.Recognition.xml'
2015-05-18 15:58:56: 新建复制 'F:/机务处工作/EmailClient/ASPOSEdll/Aspose.Slides.xml' -> 'H:/EmailClient/ASPOSEdll/Aspose.Slides.xml'
2015-05-18 15:58:57: 新建复制 'F:/机务处工作/EmailClient/ASPOSEdll/Aspose.Tasks.dll' -> 'H:/EmailClient/ASPOSEdll/Aspose.Tasks.dll'
2015-05-18 15:58:57: 新建复制 'F:/机务处工作/EmailClient/ASPOSEdll/Aspose.Tasks.xml' -> 'H:/EmailClient/ASPOSEdll/Aspose.Tasks.xml'
2015-05-18 15:58:59: 新建复制 'F:/机务处工作/EmailClient/ASPOSEdll/Aspose.Words.dll' -> 'H:/EmailClient/ASPOSEdll/Aspose.Words.dll'
2015-05-18 15:58:59: 新建复制 'F:/机务处工作/EmailClient/ASPOSEdll/Aspose.Words.idl' -> 'H:/EmailClient/ASPOSEdll/Aspose.Words.idl'
2015-05-18 15:58:59: 新建复制 'F:/机务处工作/EmailClient/ASPOSEdll/Aspose.Words.tlb' -> 'H:/EmailClient/ASPOSEdll/Aspose.Words.tlb'
2015-05-18 15:59:00: 新建复制 'F:/机务处工作/EmailClient/ASPOSEdll/Aspose.Words.xml' -> 'H:/EmailClient/ASPOSEdll/Aspose.Words.xml'
2015-05-18 15:59:00: 移动文件 H:/EmailClient/ASPOSEdll/ASPOSEdll/Aspose.Diagram.dll -> H:/EmailClient/ASPOSEdll/Aspose.Diagram.dll
2015-05-18 15:59:00: 移动文件 H:/EmailClient/ASPOSEdll/ASPOSEdll/Aspose.Slides.dll -> H:/EmailClient/ASPOSEdll/Aspose.Slides.dll
2015-05-18 15:59:00: 移动文件 H:/EmailClient/ASPOSEdll/ASPOSEdll/西西软件园.txt -> H:/EmailClient/ASPOSEdll/西西软件园.txt
2015-05-18 15:59:00: 移动文件 H:/EmailClient/ASPOSEdll/ASPOSEdll/西西软件园.url -> H:/EmailClient/ASPOSEdll/西西软件园.url
2015-05-18 15:59:00: 删除文件夹 'H:/EmailClient/ASPOSEdll/ASPOSEdll'
2015-05-18 15:59:00: 新建复制 'F:/机务处工作/EmailClient/ASPOSEdll/version.txt' -> 'H:/EmailClient/ASPOSEdll/version.txt'
2015-05-18 15:59:00: 新建复制 'F:/机务处工作/EmailClient/AutoUpdate/AutoUpdate.csproj' -> 'H:/EmailClient/AutoUpdate/AutoUpdate.csproj'
2015-05-18 15:59:01: 新建复制 'F:/机务处工作/EmailClient/AutoUpdate/AutoUpdate.sln' -> 'H:/EmailClient/AutoUpdate/AutoUpdate.sln'
2015-05-18 15:59:01: 新建复制 'F:/机务处工作/EmailClient/AutoUpdate/bin/Debug/AutoUpdate.dll' -> 'H:/EmailClient/AutoUpdate/bin/Debug/AutoUpdate.dll'
2015-05-18 15:59:01: 新建复制 'F:/机务处工作/EmailClient/AutoUpdate/bin/Debug/AutoUpdate.exe' -> 'H:/EmailClient/AutoUpdate/bin/Debug/AutoUpdate.exe'
2015-05-18 15:59:01: 新建复制 'F:/机务处工作/EmailClient/AutoUpdate/bin/Debug/AutoUpdate.pdb' -> 'H:/EmailClient/AutoUpdate/bin/Debug/AutoUpdate.pdb'
2015-05-18 15:59:01: 新建复制 'F:/机务处工作/EmailClient/AutoUpdate/bin/Debug/UpdateList.xml' -> 'H:/EmailClient/AutoUpdate/bin/Debug/UpdateList.xml'
2015-05-18 15:59:01: 新建复制 'F:/机务处工作/EmailClient/AutoUpdate/FrmUpdate.cs' -> 'H:/EmailClient/AutoUpdate/FrmUpdate.cs'
2015-05-18 15:59:01: 新建复制 'F:/机务处工作/EmailClient/AutoUpdate/obj/AutoUpdate.csproj.FileList.txt' -> 'H:/EmailClient/AutoUpdate/obj/AutoUpdate.csproj.FileList.txt'
2015-05-18 15:59:01: 新建复制 'F:/机务处工作/EmailClient/AutoUpdate/obj/Debug/AutoUpdate.csproj.FileListAbsolute.txt' -> 'H:/EmailClient/AutoUpdate/obj/Debug/AutoUpdate.csproj.FileListAbsolute.txt'
2015-05-18 15:59:01: 新建复制 'F:/机务处工作/EmailClient/AutoUpdate/obj/Debug/AutoUpdate.csproj.GenerateResource.Cache' -> 'H:/EmailClient/AutoUpdate/obj/Debug/AutoUpdate.csproj.GenerateResource.Cache'
2015-05-18 15:59:01: 新建复制 'F:/机务处工作/EmailClient/AutoUpdate/obj/Debug/AutoUpdate.dll' -> 'H:/EmailClient/AutoUpdate/obj/Debug/AutoUpdate.dll'
2015-05-18 15:59:01: 新建复制 'F:/机务处工作/EmailClient/AutoUpdate/obj/Debug/AutoUpdate.exe' -> 'H:/EmailClient/AutoUpdate/obj/Debug/AutoUpdate.exe'
2015-05-18 15:59:01: 新建复制 'F:/机务处工作/EmailClient/AutoUpdate/obj/Debug/AutoUpdate.FrmUpdate.resources' -> 'H:/EmailClient/AutoUpdate/obj/Debug/AutoUpdate.FrmUpdate.resources'
2015-05-18 15:59:01: 新建复制 'F:/机务处工作/EmailClient/AutoUpdate/obj/Debug/AutoUpdate.pdb' -> 'H:/EmailClient/AutoUpdate/obj/Debug/AutoUpdate.pdb'
2015-05-18 15:59:02: 新建复制 'F:/机务处工作/EmailClient/AutoUpdate/obj/Debug/DesignTimeResolveAssemblyReferencesInput.cache' -> 'H:/EmailClient/AutoUpdate/obj/Debug/DesignTimeResolveAssemblyReferencesInput.cache'
2015-05-18 15:59:02: 新建复制 'F:/机务处工作/EmailClient/AutoUpdate/UpgradeLog.XML' -> 'H:/EmailClient/AutoUpdate/UpgradeLog.XML'
2015-05-18 15:59:02: 新建复制 'F:/机务处工作/EmailClient/AutoUpdate/XmlFiles.cs' -> 'H:/EmailClient/AutoUpdate/XmlFiles.cs'
2015-05-18 15:59:02: 新建复制 'F:/机务处工作/EmailClient/Common/AsposeWordApp.cs' -> 'H:/EmailClient/Common/AsposeWordApp.cs'
2015-05-18 15:59:02: 新建复制 'F:/机务处工作/EmailClient/Common/AutoTidy.cs' -> 'H:/EmailClient/Common/AutoTidy.cs'
2015-05-18 15:59:04: 新建复制 'F:/机务处工作/EmailClient/Common/bin/Debug/Aspose.Words.dll' -> 'H:/EmailClient/Common/bin/Debug/Aspose.Words.dll'
2015-05-18 15:59:04: 新建复制 'F:/机务处工作/EmailClient/Common/bin/Debug/Aspose.Words.xml' -> 'H:/EmailClient/Common/bin/Debug/Aspose.Words.xml'
2015-05-18 15:59:04: 新建复制 'F:/机务处工作/EmailClient/Common/bin/Debug/Common.dll' -> 'H:/EmailClient/Common/bin/Debug/Common.dll'
2015-05-18 15:59:05: 新建复制 'F:/机务处工作/EmailClient/Common/bin/Debug/Common.pdb' -> 'H:/EmailClient/Common/bin/Debug/Common.pdb'
2015-05-18 15:59:05: 新建复制 'F:/机务处工作/EmailClient/Common/bin/Debug/Database.dll' -> 'H:/EmailClient/Common/bin/Debug/Database.dll'
2015-05-18 15:59:05: 新建复制 'F:/机务处工作/EmailClient/Common/bin/Debug/Database.pdb' -> 'H:/EmailClient/Common/bin/Debug/Database.pdb'
2015-05-18 15:59:05: 新建复制 'F:/机务处工作/EmailClient/Common/bin/Debug/DBHelp.dll' -> 'H:/EmailClient/Common/bin/Debug/DBHelp.dll'
2015-05-18 15:59:05: 新建复制 'F:/机务处工作/EmailClient/Common/bin/Debug/DBHelp.pdb' -> 'H:/EmailClient/Common/bin/Debug/DBHelp.pdb'
2015-05-18 15:59:05: 新建复制 'F:/机务处工作/EmailClient/Common/Common.csproj' -> 'H:/EmailClient/Common/Common.csproj'
2015-05-18 15:59:05: 新建复制 'F:/机务处工作/EmailClient/Common/Config.cs' -> 'H:/EmailClient/Common/Config.cs'
2015-05-18 15:59:05: 新建复制 'F:/机务处工作/EmailClient/Common/DESEncrypt.cs' -> 'H:/EmailClient/Common/DESEncrypt.cs'
2015-05-18 15:59:05: 新建复制 'F:/机务处工作/EmailClient/Common/EMLReader.cs' -> 'H:/EmailClient/Common/EMLReader.cs'
2015-05-18 15:59:05: 新建复制 'F:/机务处工作/EmailClient/Common/IdentifyEncoding.cs' -> 'H:/EmailClient/Common/IdentifyEncoding.cs'
2015-05-18 15:59:05: 新建复制 'F:/机务处工作/EmailClient/Common/IniConfig.cs' -> 'H:/EmailClient/Common/IniConfig.cs'
2015-05-18 15:59:05: 新建复制 'F:/机务处工作/EmailClient/Common/MySorter.cs' -> 'H:/EmailClient/Common/MySorter.cs'
2015-05-18 15:59:05: 新建复制 'F:/机务处工作/EmailClient/Common/obj/x86/Debug/Common.csproj.FileListAbsolute.txt' -> 'H:/EmailClient/Common/obj/x86/Debug/Common.csproj.FileListAbsolute.txt'
2015-05-18 15:59:05: 新建复制 'F:/机务处工作/EmailClient/Common/obj/x86/Debug/Common.csproj.GenerateResource.Cache' -> 'H:/EmailClient/Common/obj/x86/Debug/Common.csproj.GenerateResource.Cache'
2015-05-18 15:59:05: 新建复制 'F:/机务处工作/EmailClient/Common/obj/x86/Debug/Common.csprojResolveAssemblyReference.cache' -> 'H:/EmailClient/Common/obj/x86/Debug/Common.csprojResolveAssemblyReference.cache'
2015-05-18 15:59:05: 新建复制 'F:/机务处工作/EmailClient/Common/obj/x86/Debug/Common.dll' -> 'H:/EmailClient/Common/obj/x86/Debug/Common.dll'
2015-05-18 15:59:05: 新建复制 'F:/机务处工作/EmailClient/Common/obj/x86/Debug/Common.pdb' -> 'H:/EmailClient/Common/obj/x86/Debug/Common.pdb'
2015-05-18 15:59:05: 新建复制 'F:/机务处工作/EmailClient/Common/obj/x86/Debug/Common.Properties.Resources.resources' -> 'H:/EmailClient/Common/obj/x86/Debug/Common.Properties.Resources.resources'
2015-05-18 15:59:06: 新建复制 'F:/机务处工作/EmailClient/Common/obj/x86/Debug/DesignTimeResolveAssemblyReferencesInput.cache' -> 'H:/EmailClient/Common/obj/x86/Debug/DesignTimeResolveAssemblyReferencesInput.cache'
2015-05-18 15:59:06: 新建复制 'F:/机务处工作/EmailClient/Common/obj/x86/Debug/TempPE/Properties.Resources.Designer.cs.dll' -> 'H:/EmailClient/Common/obj/x86/Debug/TempPE/Properties.Resources.Designer.cs.dll'
2015-05-18 15:59:06: 新建复制 'F:/机务处工作/EmailClient/Common/Properties/AssemblyInfo.cs' -> 'H:/EmailClient/Common/Properties/AssemblyInfo.cs'
2015-05-18 15:59:06: 新建复制 'F:/机务处工作/EmailClient/Common/Properties/Resources.Designer.cs' -> 'H:/EmailClient/Common/Properties/Resources.Designer.cs'
2015-05-18 15:59:06: 新建复制 'F:/机务处工作/EmailClient/Common/Properties/Resources.resx' -> 'H:/EmailClient/Common/Properties/Resources.resx'
2015-05-18 15:59:06: 新建复制 'F:/机务处工作/EmailClient/Common/Properties/Settings.Designer.cs' -> 'H:/EmailClient/Common/Properties/Settings.Designer.cs'
2015-05-18 15:59:06: 新建复制 'F:/机务处工作/EmailClient/Common/Properties/Settings.settings' -> 'H:/EmailClient/Common/Properties/Settings.settings'
2015-05-18 15:59:07: 新建复制 'F:/机务处工作/EmailClient/Database/bin/Debug/Database.dll' -> 'H:/EmailClient/Database/bin/Debug/Database.dll'
2015-05-18 15:59:07: 新建复制 'F:/机务处工作/EmailClient/Database/bin/Debug/Database.pdb' -> 'H:/EmailClient/Database/bin/Debug/Database.pdb'
2015-05-18 15:59:07: 新建复制 'F:/机务处工作/EmailClient/Database/bin/Debug/DBHelp.dll' -> 'H:/EmailClient/Database/bin/Debug/DBHelp.dll'
2015-05-18 15:59:07: 新建复制 'F:/机务处工作/EmailClient/Database/bin/Debug/DBHelp.pdb' -> 'H:/EmailClient/Database/bin/Debug/DBHelp.pdb'
2015-05-18 15:59:07: 新建复制 'F:/机务处工作/EmailClient/Database/Common.cs' -> 'H:/EmailClient/Database/Common.cs'
2015-05-18 15:59:07: 新建复制 'F:/机务处工作/EmailClient/Database/Contact.cs' -> 'H:/EmailClient/Database/Contact.cs'
2015-05-18 15:59:07: 新建复制 'F:/机务处工作/EmailClient/Database/Contacts.cs' -> 'H:/EmailClient/Database/Contacts.cs'
2015-05-18 15:59:07: 新建复制 'F:/机务处工作/EmailClient/Database/DBClass.csproj' -> 'H:/EmailClient/Database/DBClass.csproj'
2015-05-18 15:59:07: 新建复制 'F:/机务处工作/EmailClient/Database/DecodeQP.cs' -> 'H:/EmailClient/Database/DecodeQP.cs'
2015-05-18 15:59:07: 新建复制 'F:/机务处工作/EmailClient/Database/FromMail.cs' -> 'H:/EmailClient/Database/FromMail.cs'
2015-05-18 15:59:07: 新建复制 'F:/机务处工作/EmailClient/Database/Froms.cs' -> 'H:/EmailClient/Database/Froms.cs'
2015-05-18 15:59:07: 新建复制 'F:/机务处工作/EmailClient/Database/Links.cs' -> 'H:/EmailClient/Database/Links.cs'
2015-05-18 15:59:07: 新建复制 'F:/机务处工作/EmailClient/Database/Mails.cs' -> 'H:/EmailClient/Database/Mails.cs'
2015-05-18 15:59:08: 新建复制 'F:/机务处工作/EmailClient/Database/obj/Debug/Database.csproj.FileListAbsolute.txt' -> 'H:/EmailClient/Database/obj/Debug/Database.csproj.FileListAbsolute.txt'
2015-05-18 15:59:08: 新建复制 'F:/机务处工作/EmailClient/Database/obj/Debug/Database.dll' -> 'H:/EmailClient/Database/obj/Debug/Database.dll'
2015-05-18 15:59:08: 新建复制 'F:/机务处工作/EmailClient/Database/obj/Debug/Database.pdb' -> 'H:/EmailClient/Database/obj/Debug/Database.pdb'
2015-05-18 15:59:08: 新建复制 'F:/机务处工作/EmailClient/Database/obj/Debug/DBCLASS.csproj.FileListAbsolute.txt' -> 'H:/EmailClient/Database/obj/Debug/DBCLASS.csproj.FileListAbsolute.txt'
2015-05-18 15:59:08: 新建复制 'F:/机务处工作/EmailClient/Database/obj/Debug/DBClass.csprojResolveAssemblyReference.cache' -> 'H:/EmailClient/Database/obj/Debug/DBClass.csprojResolveAssemblyReference.cache'
2015-05-18 15:59:09: 新建复制 'F:/机务处工作/EmailClient/Database/obj/Debug/DesignTimeResolveAssemblyReferencesInput.cache' -> 'H:/EmailClient/Database/obj/Debug/DesignTimeResolveAssemblyReferencesInput.cache'
2015-05-18 15:59:09: 新建复制 'F:/机务处工作/EmailClient/Database/Properties/AssemblyInfo.cs' -> 'H:/EmailClient/Database/Properties/AssemblyInfo.cs'
2015-05-18 15:59:09: 新建复制 'F:/机务处工作/EmailClient/Database/Recipients.cs' -> 'H:/EmailClient/Database/Recipients.cs'
2015-05-18 15:59:09: 新建复制 'F:/机务处工作/EmailClient/Database/Record.cs' -> 'H:/EmailClient/Database/Record.cs'
2015-05-18 15:59:09: 新建复制 'F:/机务处工作/EmailClient/DBHelp/Access.cs' -> 'H:/EmailClient/DBHelp/Access.cs'
2015-05-18 15:59:09: 新建复制 'F:/机务处工作/EmailClient/DBHelp/bin/Debug/DBHelp.dll' -> 'H:/EmailClient/DBHelp/bin/Debug/DBHelp.dll'
2015-05-18 15:59:09: 新建复制 'F:/机务处工作/EmailClient/DBHelp/bin/Debug/DBHelp.pdb' -> 'H:/EmailClient/DBHelp/bin/Debug/DBHelp.pdb'
2015-05-18 15:59:09: 新建复制 'F:/机务处工作/EmailClient/DBHelp/bin/Release/DBHelp.dll' -> 'H:/EmailClient/DBHelp/bin/Release/DBHelp.dll'
2015-05-18 15:59:09: 新建复制 'F:/机务处工作/EmailClient/DBHelp/bin/Release/DBHelp.pdb' -> 'H:/EmailClient/DBHelp/bin/Release/DBHelp.pdb'
2015-05-18 15:59:09: 新建复制 'F:/机务处工作/EmailClient/DBHelp/DBHelp.csproj' -> 'H:/EmailClient/DBHelp/DBHelp.csproj'
2015-05-18 15:59:09: 新建复制 'F:/机务处工作/EmailClient/DBHelp/obj/Debug/DBHelp.csproj.FileListAbsolute.txt' -> 'H:/EmailClient/DBHelp/obj/Debug/DBHelp.csproj.FileListAbsolute.txt'
2015-05-18 15:59:09: 新建复制 'F:/机务处工作/EmailClient/DBHelp/obj/Debug/DBHelp.csprojResolveAssemblyReference.cache' -> 'H:/EmailClient/DBHelp/obj/Debug/DBHelp.csprojResolveAssemblyReference.cache'
2015-05-18 15:59:09: 新建复制 'F:/机务处工作/EmailClient/DBHelp/obj/Debug/DBHelp.dll' -> 'H:/EmailClient/DBHelp/obj/Debug/DBHelp.dll'
2015-05-18 15:59:09: 新建复制 'F:/机务处工作/EmailClient/DBHelp/obj/Debug/DBHelp.pdb' -> 'H:/EmailClient/DBHelp/obj/Debug/DBHelp.pdb'
2015-05-18 15:59:09: 新建复制 'F:/机务处工作/EmailClient/DBHelp/obj/Debug/DesignTimeResolveAssemblyReferences.cache' -> 'H:/EmailClient/DBHelp/obj/Debug/DesignTimeResolveAssemblyReferences.cache'
2015-05-18 15:59:09: 新建复制 'F:/机务处工作/EmailClient/DBHelp/obj/Debug/DesignTimeResolveAssemblyReferencesInput.cache' -> 'H:/EmailClient/DBHelp/obj/Debug/DesignTimeResolveAssemblyReferencesInput.cache'
2015-05-18 15:59:09: 新建复制 'F:/机务处工作/EmailClient/DBHelp/obj/Release/DBHelp.csproj.FileListAbsolute.txt' -> 'H:/EmailClient/DBHelp/obj/Release/DBHelp.csproj.FileListAbsolute.txt'
2015-05-18 15:59:09: 新建复制 'F:/机务处工作/EmailClient/DBHelp/obj/Release/DBHelp.dll' -> 'H:/EmailClient/DBHelp/obj/Release/DBHelp.dll'
2015-05-18 15:59:09: 新建复制 'F:/机务处工作/EmailClient/DBHelp/obj/Release/DBHelp.pdb' -> 'H:/EmailClient/DBHelp/obj/Release/DBHelp.pdb'
2015-05-18 15:59:09: 新建复制 'F:/机务处工作/EmailClient/DBHelp/obj/Release/DesignTimeResolveAssemblyReferencesInput.cache' -> 'H:/EmailClient/DBHelp/obj/Release/DesignTimeResolveAssemblyReferencesInput.cache'
2015-05-18 15:59:09: 覆盖复制 'F:/机务处工作/EmailClient/EmailClient/AccountForm.cs' -> 'H:/EmailClient/EmailClient/AccountForm.cs'
2015-05-18 15:59:09: 移动文件 H:/EmailClient/EmailClient/AutoUpdate/App.ico -> H:/EmailClient/AutoUpdate/App.ico
2015-05-18 15:59:09: 移动文件 H:/EmailClient/EmailClient/AutoUpdate/AppUpdater.cs -> H:/EmailClient/AutoUpdate/AppUpdater.cs
2015-05-18 15:59:09: 移动文件 H:/EmailClient/EmailClient/AutoUpdate/AssemblyInfo.cs -> H:/EmailClient/AutoUpdate/AssemblyInfo.cs
2015-05-18 15:59:09: 移动文件 H:/EmailClient/EmailClient/AutoUpdate/AutoUpdate.csproj.user -> H:/EmailClient/AutoUpdate/AutoUpdate.csproj.user
2015-05-18 15:59:09: 移动文件 H:/EmailClient/EmailClient/AutoUpdate/bin/Debug/AutoUpdate.vshost.exe -> H:/EmailClient/AutoUpdate/bin/Debug/AutoUpdate.vshost.exe
2015-05-18 15:59:09: 删除文件夹 'H:/EmailClient/EmailClient/AutoUpdate/bin/Debug'
2015-05-18 15:59:09: 删除文件夹 'H:/EmailClient/EmailClient/AutoUpdate/bin'
2015-05-18 15:59:09: 移动文件 H:/EmailClient/EmailClient/AutoUpdate/FrmUpdate.resx -> H:/EmailClient/AutoUpdate/FrmUpdate.resx
2015-05-18 15:59:09: 移动文件 H:/EmailClient/EmailClient/AutoUpdate/IniFiles.cs -> H:/EmailClient/AutoUpdate/IniFiles.cs
2015-05-18 15:59:09: 移动文件 H:/EmailClient/EmailClient/AutoUpdate/obj/AutoUpdate.csproj.FileListAbsolute.txt -> H:/EmailClient/AutoUpdate/obj/AutoUpdate.csproj.FileListAbsolute.txt
2015-05-18 15:59:09: 移动文件 H:/EmailClient/EmailClient/AutoUpdate/obj/Debug/AutoUpdate.csprojResolveAssemblyReference.cache -> H:/EmailClient/AutoUpdate/obj/Debug/AutoUpdate.csprojResolveAssemblyReference.cache
2015-05-18 15:59:09: 移动文件 H:/EmailClient/EmailClient/AutoUpdate/obj/Debug/DesignTimeResolveAssemblyReferences.cache -> H:/EmailClient/AutoUpdate/obj/Debug/DesignTimeResolveAssemblyReferences.cache
2015-05-18 15:59:09: 删除文件夹 'H:/EmailClient/EmailClient/AutoUpdate/obj/Debug'
2015-05-18 15:59:09: 删除文件夹 'H:/EmailClient/EmailClient/AutoUpdate/obj'
2015-05-18 15:59:09: 删除文件夹 'H:/EmailClient/EmailClient/AutoUpdate'
2015-05-18 15:59:12: 新建复制 'F:/机务处工作/EmailClient/EmailClient/bin/Debug/Aspose.Words.dll' -> 'H:/EmailClient/EmailClient/bin/Debug/Aspose.Words.dll'
2015-05-18 15:59:12: 新建复制 'F:/机务处工作/EmailClient/EmailClient/bin/Debug/Aspose.Words.xml' -> 'H:/EmailClient/EmailClient/bin/Debug/Aspose.Words.xml'
2015-05-18 15:59:12: 新建复制 'F:/机务处工作/EmailClient/EmailClient/bin/Debug/Common.dll' -> 'H:/EmailClient/EmailClient/bin/Debug/Common.dll'
2015-05-18 15:59:12: 新建复制 'F:/机务处工作/EmailClient/EmailClient/bin/Debug/Common.pdb' -> 'H:/EmailClient/EmailClient/bin/Debug/Common.pdb'
2015-05-18 15:59:12: 覆盖复制 'F:/机务处工作/EmailClient/EmailClient/bin/Debug/config.ini' -> 'H:/EmailClient/EmailClient/bin/Debug/config.ini'
2015-05-18 15:59:14: 覆盖复制 'F:/机务处工作/EmailClient/EmailClient/bin/Debug/data.mdb' -> 'H:/EmailClient/EmailClient/bin/Debug/data.mdb'
2015-05-18 15:59:15: 新建复制 'F:/机务处工作/EmailClient/EmailClient/bin/Debug/Database.dll' -> 'H:/EmailClient/EmailClient/bin/Debug/Database.dll'
2015-05-18 15:59:15: 新建复制 'F:/机务处工作/EmailClient/EmailClient/bin/Debug/Database.pdb' -> 'H:/EmailClient/EmailClient/bin/Debug/Database.pdb'
2015-05-18 15:59:15: 覆盖复制 'F:/机务处工作/EmailClient/EmailClient/bin/Debug/DBHelp.dll' -> 'H:/EmailClient/EmailClient/bin/Debug/DBHelp.dll'
2015-05-18 15:59:15: 覆盖复制 'F:/机务处工作/EmailClient/EmailClient/bin/Debug/DBHelp.pdb' -> 'H:/EmailClient/EmailClient/bin/Debug/DBHelp.pdb'
2015-05-18 15:59:16: 覆盖复制 'F:/机务处工作/EmailClient/EmailClient/bin/Debug/EmailClient.exe' -> 'H:/EmailClient/EmailClient/bin/Debug/EmailClient.exe'
2015-05-18 15:59:16: 覆盖复制 'F:/机务处工作/EmailClient/EmailClient/bin/Debug/EmailClient.pdb' -> 'H:/EmailClient/EmailClient/bin/Debug/EmailClient.pdb'
2015-05-18 15:59:16: 覆盖复制 'F:/机务处工作/EmailClient/EmailClient/bin/Debug/EmailClient.vshost.exe' -> 'H:/EmailClient/EmailClient/bin/Debug/EmailClient.vshost.exe'
2015-05-18 15:59:16: 新建复制 'F:/机务处工作/EmailClient/EmailClient/bin/Debug/mail.html' -> 'H:/EmailClient/EmailClient/bin/Debug/mail.html'
2015-05-18 15:59:16: 覆盖复制 'F:/机务处工作/EmailClient/EmailClient/bin/Debug/MailRecord.exe' -> 'H:/EmailClient/EmailClient/bin/Debug/MailRecord.exe'
2015-05-18 15:59:16: 新建复制 'F:/机务处工作/EmailClient/EmailClient/bin/Debug/MailRecord.exe.config' -> 'H:/EmailClient/EmailClient/bin/Debug/MailRecord.exe.config'
2015-05-18 15:59:16: 覆盖复制 'F:/机务处工作/EmailClient/EmailClient/bin/Debug/MailRecord.pdb' -> 'H:/EmailClient/EmailClient/bin/Debug/MailRecord.pdb'
2015-05-18 15:59:17: 新建复制 'F:/机务处工作/EmailClient/EmailClient/bin/Debug/MailsViewer.exe' -> 'H:/EmailClient/EmailClient/bin/Debug/MailsViewer.exe'
2015-05-18 15:59:17: 新建复制 'F:/机务处工作/EmailClient/EmailClient/bin/Debug/MailsViewer.pdb' -> 'H:/EmailClient/EmailClient/bin/Debug/MailsViewer.pdb'
2015-05-18 15:59:17: 新建复制 'F:/机务处工作/EmailClient/EmailClient/bin/Debug/word.doc' -> 'H:/EmailClient/EmailClient/bin/Debug/word.doc'
2015-05-18 15:59:17: 移动文件 H:/EmailClient/EmailClient/DBHelp/DBHelp.sln -> H:/EmailClient/DBHelp/DBHelp.sln
2015-05-18 15:59:17: 删除文件夹 'H:/EmailClient/EmailClient/DBHelp/obj/Debug'
2015-05-18 15:59:17: 删除文件夹 'H:/EmailClient/EmailClient/DBHelp/obj'
2015-05-18 15:59:17: 删除文件夹 'H:/EmailClient/EmailClient/DBHelp'
2015-05-18 15:59:17: 覆盖复制 'F:/机务处工作/EmailClient/EmailClient/EmailClient.csproj' -> 'H:/EmailClient/EmailClient/EmailClient.csproj'
2015-05-18 15:59:18: 覆盖复制 'F:/机务处工作/EmailClient/EmailClient/MainForm.cs' -> 'H:/EmailClient/EmailClient/MainForm.cs'
2015-05-18 15:59:18: 覆盖复制 'F:/机务处工作/EmailClient/EmailClient/MainForm.Designer.cs' -> 'H:/EmailClient/EmailClient/MainForm.Designer.cs'
2015-05-18 15:59:18: 覆盖复制 'F:/机务处工作/EmailClient/EmailClient/MainForm.resx' -> 'H:/EmailClient/EmailClient/MainForm.resx'
2015-05-18 15:59:18: 覆盖复制 'F:/机务处工作/EmailClient/EmailClient/obj/x86/Debug/DesignTimeResolveAssemblyReferencesInput.cache' -> 'H:/EmailClient/EmailClient/obj/x86/Debug/DesignTimeResolveAssemblyReferencesInput.cache'
2015-05-18 15:59:18: 覆盖复制 'F:/机务处工作/EmailClient/EmailClient/obj/x86/Debug/EmailClient.AccountForm.resources' -> 'H:/EmailClient/EmailClient/obj/x86/Debug/EmailClient.AccountForm.resources'
2015-05-18 15:59:18: 覆盖复制 'F:/机务处工作/EmailClient/EmailClient/obj/x86/Debug/EmailClient.ContactForm.resources' -> 'H:/EmailClient/EmailClient/obj/x86/Debug/EmailClient.ContactForm.resources'
2015-05-18 15:59:18: 覆盖复制 'F:/机务处工作/EmailClient/EmailClient/obj/x86/Debug/EmailClient.csproj.FileListAbsolute.txt' -> 'H:/EmailClient/EmailClient/obj/x86/Debug/EmailClient.csproj.FileListAbsolute.txt'
2015-05-18 15:59:18: 覆盖复制 'F:/机务处工作/EmailClient/EmailClient/obj/x86/Debug/EmailClient.csproj.GenerateResource.Cache' -> 'H:/EmailClient/EmailClient/obj/x86/Debug/EmailClient.csproj.GenerateResource.Cache'
2015-05-18 15:59:18: 覆盖复制 'F:/机务处工作/EmailClient/EmailClient/obj/x86/Debug/EmailClient.csproj.ResolveComReference.cache' -> 'H:/EmailClient/EmailClient/obj/x86/Debug/EmailClient.csproj.ResolveComReference.cache'
2015-05-18 15:59:19: 覆盖复制 'F:/机务处工作/EmailClient/EmailClient/obj/x86/Debug/EmailClient.csprojResolveAssemblyReference.cache' -> 'H:/EmailClient/EmailClient/obj/x86/Debug/EmailClient.csprojResolveAssemblyReference.cache'
2015-05-18 15:59:19: 覆盖复制 'F:/机务处工作/EmailClient/EmailClient/obj/x86/Debug/EmailClient.exe' -> 'H:/EmailClient/EmailClient/obj/x86/Debug/EmailClient.exe'
2015-05-18 15:59:19: 覆盖复制 'F:/机务处工作/EmailClient/EmailClient/obj/x86/Debug/EmailClient.MainForm.resources' -> 'H:/EmailClient/EmailClient/obj/x86/Debug/EmailClient.MainForm.resources'
2015-05-18 15:59:19: 覆盖复制 'F:/机务处工作/EmailClient/EmailClient/obj/x86/Debug/EmailClient.pdb' -> 'H:/EmailClient/EmailClient/obj/x86/Debug/EmailClient.pdb'
2015-05-18 15:59:20: 覆盖复制 'F:/机务处工作/EmailClient/EmailClient/obj/x86/Debug/EmailClient.Properties.Resources.resources' -> 'H:/EmailClient/EmailClient/obj/x86/Debug/EmailClient.Properties.Resources.resources'
2015-05-18 15:59:20: 新建复制 'F:/机务处工作/EmailClient/EmailClient/obj/x86/Debug/Interop.ADODB.dll' -> 'H:/EmailClient/EmailClient/obj/x86/Debug/Interop.ADODB.dll'
2015-05-18 15:59:20: 新建复制 'F:/机务处工作/EmailClient/EmailClient/obj/x86/Debug/Interop.CDO.dll' -> 'H:/EmailClient/EmailClient/obj/x86/Debug/Interop.CDO.dll'
2015-05-18 15:59:20: 覆盖复制 'F:/机务处工作/EmailClient/EmailClient/obj/x86/Debug/TempPE/Properties.Resources.Designer.cs.dll' -> 'H:/EmailClient/EmailClient/obj/x86/Debug/TempPE/Properties.Resources.Designer.cs.dll'
2015-05-18 15:59:20: 覆盖复制 'F:/机务处工作/EmailClient/EmailClient/Properties/Resources.Designer.cs' -> 'H:/EmailClient/EmailClient/Properties/Resources.Designer.cs'
2015-05-18 15:59:20: 覆盖复制 'F:/机务处工作/EmailClient/EmailClient/Properties/Resources.resx' -> 'H:/EmailClient/EmailClient/Properties/Resources.resx'
2015-05-18 15:59:20: 覆盖复制 'F:/机务处工作/EmailClient/EmailClient.sln' -> 'H:/EmailClient/EmailClient.sln'
2015-05-18 15:59:20: 新建复制 'F:/机务处工作/EmailClient/MailRecord/app.config' -> 'H:/EmailClient/MailRecord/app.config'
2015-05-18 15:59:22: 新建复制 'F:/机务处工作/EmailClient/MailRecord/bin/Debug/Aspose.Words.dll' -> 'H:/EmailClient/MailRecord/bin/Debug/Aspose.Words.dll'
2015-05-18 15:59:22: 新建复制 'F:/机务处工作/EmailClient/MailRecord/bin/Debug/Aspose.Words.xml' -> 'H:/EmailClient/MailRecord/bin/Debug/Aspose.Words.xml'
2015-05-18 15:59:22: 新建复制 'F:/机务处工作/EmailClient/MailRecord/bin/Debug/Common.dll' -> 'H:/EmailClient/MailRecord/bin/Debug/Common.dll'
2015-05-18 15:59:22: 新建复制 'F:/机务处工作/EmailClient/MailRecord/bin/Debug/Common.pdb' -> 'H:/EmailClient/MailRecord/bin/Debug/Common.pdb'
2015-05-18 15:59:24: 新建复制 'F:/机务处工作/EmailClient/MailRecord/bin/Debug/data.mdb' -> 'H:/EmailClient/MailRecord/bin/Debug/data.mdb'
2015-05-18 15:59:25: 新建复制 'F:/机务处工作/EmailClient/MailRecord/bin/Debug/Database.dll' -> 'H:/EmailClient/MailRecord/bin/Debug/Database.dll'
2015-05-18 15:59:25: 新建复制 'F:/机务处工作/EmailClient/MailRecord/bin/Debug/Database.pdb' -> 'H:/EmailClient/MailRecord/bin/Debug/Database.pdb'
2015-05-18 15:59:25: 新建复制 'F:/机务处工作/EmailClient/MailRecord/bin/Debug/DBHelp.dll' -> 'H:/EmailClient/MailRecord/bin/Debug/DBHelp.dll'
2015-05-18 15:59:25: 新建复制 'F:/机务处工作/EmailClient/MailRecord/bin/Debug/DBHelp.pdb' -> 'H:/EmailClient/MailRecord/bin/Debug/DBHelp.pdb'
2015-05-18 15:59:25: 新建复制 'F:/机务处工作/EmailClient/MailRecord/bin/Debug/mail.html' -> 'H:/EmailClient/MailRecord/bin/Debug/mail.html'
2015-05-18 15:59:25: 覆盖复制 'F:/机务处工作/EmailClient/MailRecord/bin/Debug/MailRecord.exe' -> 'H:/EmailClient/MailRecord/bin/Debug/MailRecord.exe'
2015-05-18 15:59:25: 新建复制 'F:/机务处工作/EmailClient/MailRecord/bin/Debug/MailRecord.exe.config' -> 'H:/EmailClient/MailRecord/bin/Debug/MailRecord.exe.config'
2015-05-18 15:59:25: 覆盖复制 'F:/机务处工作/EmailClient/MailRecord/bin/Debug/MailRecord.pdb' -> 'H:/EmailClient/MailRecord/bin/Debug/MailRecord.pdb'
2015-05-18 15:59:26: 新建复制 'F:/机务处工作/EmailClient/MailRecord/bin/Debug/MailRecord.vshost.exe' -> 'H:/EmailClient/MailRecord/bin/Debug/MailRecord.vshost.exe'
2015-05-18 15:59:26: 新建复制 'F:/机务处工作/EmailClient/MailRecord/bin/Debug/MailRecord.vshost.exe.config' -> 'H:/EmailClient/MailRecord/bin/Debug/MailRecord.vshost.exe.config'
2015-05-18 15:59:26: 新建复制 'F:/机务处工作/EmailClient/MailRecord/bin/Debug/MailsViewer.exe' -> 'H:/EmailClient/MailRecord/bin/Debug/MailsViewer.exe'
2015-05-18 15:59:26: 新建复制 'F:/机务处工作/EmailClient/MailRecord/bin/Debug/MailsViewer.pdb' -> 'H:/EmailClient/MailRecord/bin/Debug/MailsViewer.pdb'
2015-05-18 15:59:26: 新建复制 'F:/机务处工作/EmailClient/MailRecord/bin/Debug/word.doc' -> 'H:/EmailClient/MailRecord/bin/Debug/word.doc'
2015-05-18 15:59:26: 覆盖复制 'F:/机务处工作/EmailClient/MailRecord/MailRecord.csproj' -> 'H:/EmailClient/MailRecord/MailRecord.csproj'
2015-05-18 15:59:26: 覆盖复制 'F:/机务处工作/EmailClient/MailRecord/obj/x86/Debug/DesignTimeResolveAssemblyReferences.cache' -> 'H:/EmailClient/MailRecord/obj/x86/Debug/DesignTimeResolveAssemblyReferences.cache'
2015-05-18 15:59:26: 覆盖复制 'F:/机务处工作/EmailClient/MailRecord/obj/x86/Debug/DesignTimeResolveAssemblyReferencesInput.cache' -> 'H:/EmailClient/MailRecord/obj/x86/Debug/DesignTimeResolveAssemblyReferencesInput.cache'
2015-05-18 15:59:26: 覆盖复制 'F:/机务处工作/EmailClient/MailRecord/obj/x86/Debug/MailRecord.csproj.FileListAbsolute.txt' -> 'H:/EmailClient/MailRecord/obj/x86/Debug/MailRecord.csproj.FileListAbsolute.txt'
2015-05-18 15:59:26: 覆盖复制 'F:/机务处工作/EmailClient/MailRecord/obj/x86/Debug/MailRecord.csproj.GenerateResource.Cache' -> 'H:/EmailClient/MailRecord/obj/x86/Debug/MailRecord.csproj.GenerateResource.Cache'
2015-05-18 15:59:26: 覆盖复制 'F:/机务处工作/EmailClient/MailRecord/obj/x86/Debug/MailRecord.csprojResolveAssemblyReference.cache' -> 'H:/EmailClient/MailRecord/obj/x86/Debug/MailRecord.csprojResolveAssemblyReference.cache'
2015-05-18 15:59:26: 覆盖复制 'F:/机务处工作/EmailClient/MailRecord/obj/x86/Debug/MailRecord.exe' -> 'H:/EmailClient/MailRecord/obj/x86/Debug/MailRecord.exe'
2015-05-18 15:59:26: 覆盖复制 'F:/机务处工作/EmailClient/MailRecord/obj/x86/Debug/MailRecord.pdb' -> 'H:/EmailClient/MailRecord/obj/x86/Debug/MailRecord.pdb'
2015-05-18 15:59:26: 覆盖复制 'F:/机务处工作/EmailClient/MailRecord/obj/x86/Debug/MailRecord.Properties.Resources.resources' -> 'H:/EmailClient/MailRecord/obj/x86/Debug/MailRecord.Properties.Resources.resources'
2015-05-18 15:59:27: 覆盖复制 'F:/机务处工作/EmailClient/MailRecord/obj/x86/Debug/MailRecord.RecordForm.resources' -> 'H:/EmailClient/MailRecord/obj/x86/Debug/MailRecord.RecordForm.resources'
2015-05-18 15:59:27: 新建复制 'F:/机务处工作/EmailClient/MailRecord/obj/x86/Debug/TempPE/Properties.Resources.Designer.cs.dll' -> 'H:/EmailClient/MailRecord/obj/x86/Debug/TempPE/Properties.Resources.Designer.cs.dll'
2015-05-18 15:59:27: 覆盖复制 'F:/机务处工作/EmailClient/MailRecord/Properties/Resources.Designer.cs' -> 'H:/EmailClient/MailRecord/Properties/Resources.Designer.cs'
2015-05-18 15:59:27: 覆盖复制 'F:/机务处工作/EmailClient/MailRecord/Properties/Resources.resx' -> 'H:/EmailClient/MailRecord/Properties/Resources.resx'
2015-05-18 15:59:27: 覆盖复制 'F:/机务处工作/EmailClient/MailRecord/Properties/Settings.Designer.cs' -> 'H:/EmailClient/MailRecord/Properties/Settings.Designer.cs'
2015-05-18 15:59:27: 覆盖复制 'F:/机务处工作/EmailClient/MailRecord/RecordForm.cs' -> 'H:/EmailClient/MailRecord/RecordForm.cs'
2015-05-18 15:59:27: 覆盖复制 'F:/机务处工作/EmailClient/MailRecord/RecordForm.Designer.cs' -> 'H:/EmailClient/MailRecord/RecordForm.Designer.cs'
2015-05-18 15:59:27: 覆盖复制 'F:/机务处工作/EmailClient/MailRecord/RecordForm.resx' -> 'H:/EmailClient/MailRecord/RecordForm.resx'
2015-05-18 15:59:27: 新建复制 'F:/机务处工作/EmailClient/MailRecord/Resources/back.png' -> 'H:/EmailClient/MailRecord/Resources/back.png'
2015-05-18 15:59:27: 新建复制 'F:/机务处工作/EmailClient/MailRecord/Resources/margins.png' -> 'H:/EmailClient/MailRecord/Resources/margins.png'
2015-05-18 15:59:27: 新建复制 'F:/机务处工作/EmailClient/MailRecord/Resources/pdf.png' -> 'H:/EmailClient/MailRecord/Resources/pdf.png'
2015-05-18 15:59:27: 新建复制 'F:/机务处工作/EmailClient/MailRecord/Resources/prev.png' -> 'H:/EmailClient/MailRecord/Resources/prev.png'
2015-05-18 15:59:27: 新建复制 'F:/机务处工作/EmailClient/MailRecord/Resources/printer.png' -> 'H:/EmailClient/MailRecord/Resources/printer.png'
2015-05-18 15:59:27: 新建复制 'F:/机务处工作/EmailClient/MailRecord/Resources/word.png' -> 'H:/EmailClient/MailRecord/Resources/word.png'
2015-05-18 15:59:28: 移动文件 H:/EmailClient/MailSendAndReceive/MailSendAndReceive/bin/Debug/MailSendAndReceive.vshost.exe.manifest -> H:/EmailClient/MailRecord/bin/Debug/MailRecord.vshost.exe.manifest
2015-05-18 15:59:28: 删除文件夹 'H:/EmailClient/MailSendAndReceive/MailSendAndReceive/bin/Debug'
2015-05-18 15:59:28: 删除文件夹 'H:/EmailClient/MailSendAndReceive/MailSendAndReceive/bin'
2015-05-18 15:59:28: 删除文件夹 'H:/EmailClient/MailSendAndReceive/MailSendAndReceive'
2015-05-18 15:59:28: 删除文件夹 'H:/EmailClient/MailSendAndReceive'
2015-05-18 15:59:28: 新建复制 'F:/机务处工作/EmailClient/MailViewer/app.config' -> 'H:/EmailClient/MailViewer/app.config'
2015-05-18 15:59:28: 新建复制 'F:/机务处工作/EmailClient/MailViewer/bin/Debug/Database.dll' -> 'H:/EmailClient/MailViewer/bin/Debug/Database.dll'
2015-05-18 15:59:28: 新建复制 'F:/机务处工作/EmailClient/MailViewer/bin/Debug/Database.pdb' -> 'H:/EmailClient/MailViewer/bin/Debug/Database.pdb'
2015-05-18 15:59:28: 新建复制 'F:/机务处工作/EmailClient/MailViewer/bin/Debug/DBHelp.dll' -> 'H:/EmailClient/MailViewer/bin/Debug/DBHelp.dll'
2015-05-18 15:59:29: 新建复制 'F:/机务处工作/EmailClient/MailViewer/bin/Debug/DBHelp.pdb' -> 'H:/EmailClient/MailViewer/bin/Debug/DBHelp.pdb'
2015-05-18 15:59:29: 新建复制 'F:/机务处工作/EmailClient/MailViewer/bin/Debug/MailsViewer.exe' -> 'H:/EmailClient/MailViewer/bin/Debug/MailsViewer.exe'
2015-05-18 15:59:29: 新建复制 'F:/机务处工作/EmailClient/MailViewer/bin/Debug/MailsViewer.exe.config' -> 'H:/EmailClient/MailViewer/bin/Debug/MailsViewer.exe.config'
2015-05-18 15:59:29: 新建复制 'F:/机务处工作/EmailClient/MailViewer/bin/Debug/MailsViewer.pdb' -> 'H:/EmailClient/MailViewer/bin/Debug/MailsViewer.pdb'
2015-05-18 15:59:29: 新建复制 'F:/机务处工作/EmailClient/MailViewer/MailsViewer.csproj' -> 'H:/EmailClient/MailViewer/MailsViewer.csproj'
2015-05-18 15:59:29: 新建复制 'F:/机务处工作/EmailClient/MailViewer/MailViewer.cs' -> 'H:/EmailClient/MailViewer/MailViewer.cs'
2015-05-18 15:59:29: 新建复制 'F:/机务处工作/EmailClient/MailViewer/MailViewer.Designer.cs' -> 'H:/EmailClient/MailViewer/MailViewer.Designer.cs'
2015-05-18 15:59:29: 新建复制 'F:/机务处工作/EmailClient/MailViewer/MailViewer.resx' -> 'H:/EmailClient/MailViewer/MailViewer.resx'
2015-05-18 15:59:29: 新建复制 'F:/机务处工作/EmailClient/MailViewer/obj/x86/Debug/DesignTimeResolveAssemblyReferencesInput.cache' -> 'H:/EmailClient/MailViewer/obj/x86/Debug/DesignTimeResolveAssemblyReferencesInput.cache'
2015-05-18 15:59:29: 新建复制 'F:/机务处工作/EmailClient/MailViewer/obj/x86/Debug/MailsViewer.csproj.FileListAbsolute.txt' -> 'H:/EmailClient/MailViewer/obj/x86/Debug/MailsViewer.csproj.FileListAbsolute.txt'
2015-05-18 15:59:29: 新建复制 'F:/机务处工作/EmailClient/MailViewer/obj/x86/Debug/MailsViewer.csproj.GenerateResource.Cache' -> 'H:/EmailClient/MailViewer/obj/x86/Debug/MailsViewer.csproj.GenerateResource.Cache'
2015-05-18 15:59:29: 新建复制 'F:/机务处工作/EmailClient/MailViewer/obj/x86/Debug/MailsViewer.csprojResolveAssemblyReference.cache' -> 'H:/EmailClient/MailViewer/obj/x86/Debug/MailsViewer.csprojResolveAssemblyReference.cache'
2015-05-18 15:59:29: 新建复制 'F:/机务处工作/EmailClient/MailViewer/obj/x86/Debug/MailsViewer.exe' -> 'H:/EmailClient/MailViewer/obj/x86/Debug/MailsViewer.exe'
2015-05-18 15:59:29: 新建复制 'F:/机务处工作/EmailClient/MailViewer/obj/x86/Debug/MailsViewer.MailViewer.resources' -> 'H:/EmailClient/MailViewer/obj/x86/Debug/MailsViewer.MailViewer.resources'
2015-05-18 15:59:29: 新建复制 'F:/机务处工作/EmailClient/MailViewer/obj/x86/Debug/MailsViewer.pdb' -> 'H:/EmailClient/MailViewer/obj/x86/Debug/MailsViewer.pdb'
2015-05-18 15:59:29: 新建复制 'F:/机务处工作/EmailClient/MailViewer/obj/x86/Debug/MailsViewer.Properties.Resources.resources' -> 'H:/EmailClient/MailViewer/obj/x86/Debug/MailsViewer.Properties.Resources.resources'
2015-05-18 15:59:29: 新建复制 'F:/机务处工作/EmailClient/MailViewer/obj/x86/Debug/TempPE/Properties.Resources.Designer.cs.dll' -> 'H:/EmailClient/MailViewer/obj/x86/Debug/TempPE/Properties.Resources.Designer.cs.dll'
2015-05-18 15:59:29: 新建复制 'F:/机务处工作/EmailClient/MailViewer/Program.cs' -> 'H:/EmailClient/MailViewer/Program.cs'
2015-05-18 15:59:29: 新建复制 'F:/机务处工作/EmailClient/MailViewer/Properties/AssemblyInfo.cs' -> 'H:/EmailClient/MailViewer/Properties/AssemblyInfo.cs'
2015-05-18 15:59:30: 新建复制 'F:/机务处工作/EmailClient/MailViewer/Properties/Resources.Designer.cs' -> 'H:/EmailClient/MailViewer/Properties/Resources.Designer.cs'
2015-05-18 15:59:30: 新建复制 'F:/机务处工作/EmailClient/MailViewer/Properties/Resources.resx' -> 'H:/EmailClient/MailViewer/Properties/Resources.resx'
2015-05-18 15:59:30: 新建复制 'F:/机务处工作/EmailClient/MailViewer/Properties/Settings.Designer.cs' -> 'H:/EmailClient/MailViewer/Properties/Settings.Designer.cs'
2015-05-18 15:59:30: 新建复制 'F:/机务处工作/EmailClient/MailViewer/Properties/Settings.settings' -> 'H:/EmailClient/MailViewer/Properties/Settings.settings'
2015-05-18 15:59:30: 新建复制 'F:/机务处工作/EmailClient/MailViewer/Resources/att.png' -> 'H:/EmailClient/MailViewer/Resources/att.png'
2015-05-18 15:59:30: 新建复制 'F:/机务处工作/EmailClient/MailViewer/Resources/back.png' -> 'H:/EmailClient/MailViewer/Resources/back.png'
2015-05-18 15:59:31: 新建复制 'F:/机务处工作/EmailClient/MailViewer/Resources/code.png' -> 'H:/EmailClient/MailViewer/Resources/code.png'
2015-05-18 15:59:31: 新建复制 'F:/机务处工作/EmailClient/MailViewer/Resources/down.png' -> 'H:/EmailClient/MailViewer/Resources/down.png'
2015-05-18 15:59:31: 新建复制 'F:/机务处工作/EmailClient/MailViewer/Resources/prev.png' -> 'H:/EmailClient/MailViewer/Resources/prev.png'
2015-05-18 15:59:31: 新建复制 'F:/机务处工作/EmailClient/MailViewer/Resources/receive.png' -> 'H:/EmailClient/MailViewer/Resources/receive.png'
2015-05-18 15:59:31: 新建复制 'F:/机务处工作/EmailClient/MailViewer/Resources/send.png' -> 'H:/EmailClient/MailViewer/Resources/send.png'
2015-05-18 15:59:31: 新建复制 'F:/机务处工作/EmailClient/MailViewer/Resources/stop.png' -> 'H:/EmailClient/MailViewer/Resources/stop.png'
2015-05-18 15:59:31: 新建复制 'F:/机务处工作/EmailClient/MailViewer/Resources/tidy.png' -> 'H:/EmailClient/MailViewer/Resources/tidy.png'
2015-05-18 15:59:31: 新建复制 'F:/机务处工作/EmailClient/MailViewer/Resources/TrayIcon_AddIn.bmp' -> 'H:/EmailClient/MailViewer/Resources/TrayIcon_AddIn.bmp'
2015-05-18 15:59:31: 新建复制 'F:/机务处工作/EmailClient/MailViewer/Resources/up.png' -> 'H:/EmailClient/MailViewer/Resources/up.png'
2015-05-18 15:59:32: 项目同步未必： 471，错误： 
2015-05-18 15:59:32: ===== ：同步完毕。时间：00:00:54，速度： 1.64 MB/s (15.1 KB/s) =====
2015-05-18 15:59:32: 
